2025-08-14 00:09:57.398 [info] Extension host with pid 4295 started
2025-08-14 00:09:57.808 [info] ExtensionService#_doActivateExtension vscode.github-authentication, startup: false, activationEvent: 'onAuthenticationRequest:github'
2025-08-14 00:09:57.919 [info] ExtensionService#_doActivateExtension vscode.emmet, startup: false, activationEvent: 'onLanguage'
2025-08-14 00:09:58.463 [info] ExtensionService#_doActivateExtension vscode.git-base, startup: true, activationEvent: '*', root cause: vscode.git
2025-08-14 00:09:58.571 [info] ExtensionService#_doActivateExtension vscode.git, startup: true, activationEvent: '*'
2025-08-14 00:09:58.839 [info] ExtensionService#_doActivateExtension vscode.github, startup: true, activationEvent: '*'
2025-08-14 00:10:00.407 [info] Eager extensions activated
2025-08-14 00:10:00.853 [info] ExtensionService#_doActivateExtension vscode.debug-auto-launch, startup: false, activationEvent: 'onStartupFinished'
2025-08-14 00:10:00.875 [info] ExtensionService#_doActivateExtension vscode.merge-conflict, startup: false, activationEvent: 'onStartupFinished'
2025-08-14 00:11:50.718 [info] ExtensionService#_doActivateExtension vscode.html-language-features, startup: false, activationEvent: 'onLanguage:html'
2025-08-14 00:13:58.462 [info] Extension host terminating: renderer closed the MessagePort
2025-08-14 00:13:58.561 [info] Extension host with pid 4295 exiting with code 0
2025-08-14 00:14:04.250 [info] Extension host with pid 4397 started
2025-08-14 00:14:04.250 [info] Skipping acquiring lock for /home/renebraxhoofden/.config/Code/User/workspaceStorage/96aca38bacd9fbefd2c948be68ef166a.
2025-08-14 00:14:04.424 [info] ExtensionService#_doActivateExtension vscode.github-authentication, startup: false, activationEvent: 'onAuthenticationRequest:github'
2025-08-14 00:14:04.514 [info] ExtensionService#_doActivateExtension vscode.emmet, startup: false, activationEvent: 'onLanguage'
2025-08-14 00:14:05.131 [info] ExtensionService#_doActivateExtension vscode.git-base, startup: true, activationEvent: '*'
2025-08-14 00:14:05.310 [info] ExtensionService#_doActivateExtension vscode.github, startup: true, activationEvent: '*'
2025-08-14 00:14:05.666 [info] Eager extensions activated
2025-08-14 00:14:06.163 [info] ExtensionService#_doActivateExtension vscode.debug-auto-launch, startup: false, activationEvent: 'onStartupFinished'
2025-08-14 00:14:06.193 [info] ExtensionService#_doActivateExtension vscode.merge-conflict, startup: false, activationEvent: 'onStartupFinished'
2025-08-14 00:14:06.344 [info] ExtensionService#_doActivateExtension vscode.html-language-features, startup: false, activationEvent: 'onLanguage:html'
2025-08-14 00:14:17.128 [info] ExtensionService#_doActivateExtension vscode.git, startup: false, activationEvent: 'api', root cause: vscode.github
2025-08-14 00:15:50.129 [info] ExtensionService#_doActivateExtension vscode.debug-server-ready, startup: false, activationEvent: 'onDebugResolve'
2025-08-14 00:15:50.143 [info] ExtensionService#_doActivateExtension ms-vscode.js-debug, startup: false, activationEvent: 'onDebugResolve:pwa-chrome'
2025-08-14 00:18:13.753 [info] ExtensionService#_doActivateExtension vscode.terminal-suggest, startup: false, activationEvent: 'onTerminalShellIntegration:*'
2025-08-14 10:13:07.699 [info] ExtensionService#_doActivateExtension ms-python.vscode-python-envs, startup: false, activationEvent: 'onLanguage:python'
2025-08-14 10:13:07.936 [info] ExtensionService#_doActivateExtension ms-python.python, startup: false, activationEvent: 'onLanguage:python', root cause: ms-python.debugpy
2025-08-14 10:13:08.439 [info] ExtensionService#_doActivateExtension ms-python.vscode-pylance, startup: false, activationEvent: 'onLanguage:python'
2025-08-14 10:13:11.062 [info] ExtensionService#_doActivateExtension ms-python.debugpy, startup: false, activationEvent: 'onLanguage:python'
2025-08-14 15:48:39.783 [info] Extension host terminating: renderer closed the MessagePort
2025-08-14 15:48:40.065 [error] TypeError: Cannot read properties of undefined (reading 'subscriptions')
	at Object.K [as deactivate] (/home/renebraxhoofden/.vscode/extensions/ms-python.vscode-python-envs-1.2.0-linux-x64/dist/extension.js:2:618887)
	at LZ.eb (file:///usr/share/code/resources/app/out/vs/workbench/api/node/extensionHostProcess.js:116:11836)
	at file:///usr/share/code/resources/app/out/vs/workbench/api/node/extensionHostProcess.js:116:9986
	at Array.map (<anonymous>)
	at LZ.$ (file:///usr/share/code/resources/app/out/vs/workbench/api/node/extensionHostProcess.js:116:9974)
	at LZ.terminate (file:///usr/share/code/resources/app/out/vs/workbench/api/node/extensionHostProcess.js:116:10217)
	at E3.terminate (file:///usr/share/code/resources/app/out/vs/workbench/api/node/extensionHostProcess.js:118:914)
	at ws (file:///usr/share/code/resources/app/out/vs/workbench/api/node/extensionHostProcess.js:388:10154)
	at MessagePortMain.<anonymous> (file:///usr/share/code/resources/app/out/vs/workbench/api/node/extensionHostProcess.js:388:6693)
	at MessagePortMain.emit (node:events:518:28)
	at MessagePortMain._internalPort.emit (node:electron/js2c/utility_init:2:2949)
2025-08-14 15:48:40.086 [info] Extension host with pid 4397 exiting with code 0
2025-08-14 15:48:46.821 [info] Extension host with pid 5463 started
2025-08-14 15:48:46.821 [info] Skipping acquiring lock for /home/renebraxhoofden/.config/Code/User/workspaceStorage/bced222ab365f7a5deb7bde1642173f7.
2025-08-14 15:48:47.136 [info] ExtensionService#_doActivateExtension vscode.github-authentication, startup: false, activationEvent: 'onAuthenticationRequest:github'
2025-08-14 15:48:47.220 [info] ExtensionService#_doActivateExtension vscode.emmet, startup: false, activationEvent: 'onLanguage'
2025-08-14 15:48:47.684 [info] ExtensionService#_doActivateExtension vscode.git-base, startup: true, activationEvent: '*', root cause: vscode.git
2025-08-14 15:48:47.814 [info] ExtensionService#_doActivateExtension vscode.git, startup: true, activationEvent: '*'
2025-08-14 15:48:48.080 [info] ExtensionService#_doActivateExtension vscode.github, startup: true, activationEvent: '*'
2025-08-14 15:48:49.017 [info] Eager extensions activated
2025-08-14 15:48:49.074 [info] ExtensionService#_doActivateExtension vscode.debug-auto-launch, startup: false, activationEvent: 'onStartupFinished'
2025-08-14 15:48:49.091 [info] ExtensionService#_doActivateExtension vscode.merge-conflict, startup: false, activationEvent: 'onStartupFinished'
2025-08-14 15:49:11.947 [info] ExtensionService#_doActivateExtension vscode.html-language-features, startup: false, activationEvent: 'onLanguage:html'
2025-08-14 15:51:50.857 [info] ExtensionService#_doActivateExtension vscode.css-language-features, startup: false, activationEvent: 'onLanguage:css'
2025-08-14 15:55:12.872 [info] ExtensionService#_doActivateExtension vscode.typescript-language-features, startup: false, activationEvent: 'onLanguage:javascript'
