2025-08-14 22:11:16.742 [info] [main] Log level: Info
2025-08-14 22:11:16.742 [info] [main] Validating found git in: "git"
2025-08-14 22:11:16.742 [info] [main] Using git "2.39.5" from "git"
2025-08-14 22:11:16.742 [info] [Model][doInitialScan] Initial repository scan started
2025-08-14 22:11:16.742 [info] > git rev-parse --show-toplevel [168ms]
2025-08-14 22:11:16.742 [info] > git rev-parse --show-toplevel [39ms]
2025-08-14 22:11:16.742 [info] [Model][doInitialScan] Initial repository scan completed - repositories (0), closed repositories (0), parent repositories (1), unsafe repositories (0)
2025-08-14 22:11:18.325 [info] > git rev-parse --show-toplevel [13ms]
2025-08-14 22:11:18.602 [info] > git rev-parse --show-toplevel [11ms]
2025-08-14 22:11:20.402 [info] > git rev-parse --show-toplevel [4ms]
2025-08-14 22:11:20.849 [info] > git rev-parse --show-toplevel [3ms]
2025-08-14 22:11:21.164 [info] > git rev-parse --show-toplevel [8ms]
2025-08-14 22:11:28.984 [info] > git rev-parse --show-toplevel [572ms]
2025-08-14 22:11:29.576 [info] > git rev-parse --show-toplevel [15ms]
2025-08-14 22:11:33.721 [info] > git rev-parse --show-toplevel [18ms]
2025-08-14 22:13:42.499 [info] > git rev-parse --show-toplevel [23ms]
2025-08-14 22:16:53.637 [info] [main] Log level: Info
2025-08-14 22:16:53.637 [info] [main] Validating found git in: "git"
2025-08-14 22:16:53.637 [info] [main] Using git "2.39.5" from "git"
2025-08-14 22:16:53.637 [info] [Model][doInitialScan] Initial repository scan started
2025-08-14 22:16:53.637 [info] > git rev-parse --show-toplevel [335ms]
2025-08-14 22:16:53.645 [info] > git rev-parse --git-dir --git-common-dir --show-superproject-working-tree [53ms]
2025-08-14 22:16:53.691 [info] [Model][openRepository] Opened repository (path): /home/renebraxhoofden
2025-08-14 22:16:53.691 [info] [Model][openRepository] Opened repository (real path): /home/renebraxhoofden
2025-08-14 22:16:53.691 [info] [Model][openRepository] Opened repository (kind): repository
2025-08-14 22:16:53.776 [info] > git config --get commit.template [51ms]
2025-08-14 22:16:53.823 [info] > git rev-parse --show-toplevel [31ms]
2025-08-14 22:16:53.842 [info] > git for-each-ref --format=%(refname)%00%(upstream:short)%00%(objectname)%00%(upstream:track)%00%(upstream:remotename)%00%(upstream:remoteref) refs/heads/master refs/remotes/master [37ms]
2025-08-14 22:16:53.844 [info] > git rev-parse --show-toplevel [6ms]
2025-08-14 22:16:53.860 [info] > git rev-parse --show-toplevel [5ms]
2025-08-14 22:16:53.915 [info] > git rev-parse --show-toplevel [7ms]
2025-08-14 22:16:53.916 [info] > git for-each-ref --sort -committerdate --format %(refname)%00%(objectname)%00%(*objectname) [24ms]
2025-08-14 22:16:53.938 [info] > git rev-parse --show-toplevel [9ms]
2025-08-14 22:16:53.950 [info] > git rev-parse --show-toplevel [4ms]
2025-08-14 22:16:54.000 [info] > git rev-parse --show-toplevel [24ms]
2025-08-14 22:16:54.088 [info] > git rev-parse --show-toplevel [12ms]
2025-08-14 22:16:54.112 [info] [Model][doInitialScan] Initial repository scan completed - repositories (1), closed repositories (0), parent repositories (0), unsafe repositories (0)
2025-08-14 22:16:54.432 [info] > git status -z -uall [559ms]
2025-08-14 22:16:56.307 [info] > git for-each-ref --format=%(refname)%00%(upstream:short)%00%(objectname)%00%(upstream:track)%00%(upstream:remotename)%00%(upstream:remoteref) refs/heads/master refs/remotes/master [1513ms]
2025-08-14 22:16:56.734 [info] > git check-ignore -v -z --stdin [394ms]
2025-08-14 22:16:56.743 [info] > git config --get --local branch.master.vscode-merge-base [421ms]
2025-08-14 22:16:56.743 [warning] [Git][config] git config failed: Failed to execute git
2025-08-14 22:16:56.766 [info] > git config --get commit.template [470ms]
2025-08-14 22:16:56.800 [info] > git reflog master --grep-reflog=branch: Created from *. [35ms]
2025-08-14 22:16:56.820 [info] > git for-each-ref --format=%(refname)%00%(upstream:short)%00%(objectname)%00%(upstream:track)%00%(upstream:remotename)%00%(upstream:remoteref) refs/heads/master refs/remotes/master [29ms]
2025-08-14 22:16:56.828 [info] > git symbolic-ref --short refs/remotes/origin/HEAD [12ms]
2025-08-14 22:16:56.828 [info] fatal: ref refs/remotes/origin/HEAD is not a symbolic ref
2025-08-14 22:16:56.828 [warning] [Repository][getDefaultBranch] Failed to get default branch details: Failed to execute git.
2025-08-14 22:16:56.914 [info] > git merge-base refs/heads/master refs/remotes/origin/master [66ms]
2025-08-14 22:16:56.996 [info] > git show --textconv :prijzen.py [121ms]
2025-08-14 22:16:57.018 [info] > git ls-files --stage -- prijzen.py [115ms]
2025-08-14 22:16:57.037 [info] > git cat-file -s 7642c2edb73d6368593dc149f9afce58440f588f [6ms]
2025-08-14 22:16:57.039 [info] > git for-each-ref --sort -committerdate --format %(refname)%00%(objectname)%00%(*objectname) [44ms]
2025-08-14 22:16:57.040 [info] > git diff --name-status -z --diff-filter=ADMR 2e10e14c59d5c5049991411225f164f6b6690509...refs/remotes/origin/master [107ms]
2025-08-14 22:16:57.654 [info] > git status -z -uall [698ms]
2025-08-14 22:16:58.912 [info] > git blame --root --incremental 2e10e14c59d5c5049991411225f164f6b6690509 -- prijzen.py [39ms]
2025-08-14 22:17:00.638 [info] > git config --get commit.template [25ms]
2025-08-14 22:17:00.647 [info] > git for-each-ref --format=%(refname)%00%(upstream:short)%00%(objectname)%00%(upstream:track)%00%(upstream:remotename)%00%(upstream:remoteref) refs/heads/master refs/remotes/master [10ms]
2025-08-14 22:17:00.719 [info] > git for-each-ref --sort -committerdate --format %(refname)%00%(objectname)%00%(*objectname) [8ms]
2025-08-14 22:17:00.819 [info] > git status -z -uall [156ms]
2025-08-14 22:17:02.936 [info] > git check-ignore -v -z --stdin [25ms]
2025-08-14 22:17:03.122 [info] > git show --textconv :scraper.py [64ms]
2025-08-14 22:17:03.185 [info] > git ls-files --stage -- scraper.py [81ms]
2025-08-14 22:17:03.257 [info] > git hash-object -t tree /dev/null [12ms]
2025-08-14 22:17:03.257 [warning] [GitFileSystemProvider][stat] File not found - git:/home/renebraxhoofden/scraper.py.git?%7B%22path%22%3A%22%2Fhome%2Frenebraxhoofden%2Fscraper.py%22%2C%22ref%22%3A%22%22%7D
2025-08-14 22:17:03.262 [info] > git hash-object -t tree /dev/null [81ms]
2025-08-14 22:17:03.263 [warning] [GitFileSystemProvider][readFile] File not found - git:/home/renebraxhoofden/scraper.py.git?%7B%22path%22%3A%22%2Fhome%2Frenebraxhoofden%2Fscraper.py%22%2C%22ref%22%3A%22%22%7D
2025-08-14 22:17:35.586 [info] > git config --get commit.template [25ms]
2025-08-14 22:17:35.589 [info] > git for-each-ref --format=%(refname)%00%(upstream:short)%00%(objectname)%00%(upstream:track)%00%(upstream:remotename)%00%(upstream:remoteref) refs/heads/master refs/remotes/master [9ms]
2025-08-14 22:17:35.654 [info] > git for-each-ref --sort -committerdate --format %(refname)%00%(objectname)%00%(*objectname) [11ms]
2025-08-14 22:17:35.889 [info] > git status -z -uall [271ms]
2025-08-14 22:17:40.995 [info] > git config --get commit.template [10ms]
2025-08-14 22:17:41.019 [info] > git for-each-ref --format=%(refname)%00%(upstream:short)%00%(objectname)%00%(upstream:track)%00%(upstream:remotename)%00%(upstream:remoteref) refs/heads/master refs/remotes/master [1ms]
2025-08-14 22:17:41.100 [info] > git for-each-ref --sort -committerdate --format %(refname)%00%(objectname)%00%(*objectname) [13ms]
2025-08-14 22:17:41.273 [info] > git status -z -uall [224ms]
2025-08-14 22:17:46.377 [info] > git config --get commit.template [33ms]
2025-08-14 22:17:46.379 [info] > git for-each-ref --format=%(refname)%00%(upstream:short)%00%(objectname)%00%(upstream:track)%00%(upstream:remotename)%00%(upstream:remoteref) refs/heads/master refs/remotes/master [10ms]
2025-08-14 22:17:46.434 [info] > git for-each-ref --sort -committerdate --format %(refname)%00%(objectname)%00%(*objectname) [21ms]
2025-08-14 22:17:46.532 [info] > git status -z -uall [135ms]
2025-08-14 22:17:51.610 [info] > git config --get commit.template [18ms]
2025-08-14 22:17:51.613 [info] > git for-each-ref --format=%(refname)%00%(upstream:short)%00%(objectname)%00%(upstream:track)%00%(upstream:remotename)%00%(upstream:remoteref) refs/heads/master refs/remotes/master [5ms]
2025-08-14 22:17:51.667 [info] > git for-each-ref --sort -committerdate --format %(refname)%00%(objectname)%00%(*objectname) [4ms]
2025-08-14 22:17:51.741 [info] > git status -z -uall [118ms]
2025-08-14 22:18:15.936 [info] > git config --get commit.template [18ms]
2025-08-14 22:18:15.941 [info] > git for-each-ref --format=%(refname)%00%(upstream:short)%00%(objectname)%00%(upstream:track)%00%(upstream:remotename)%00%(upstream:remoteref) refs/heads/master refs/remotes/master [9ms]
2025-08-14 22:18:16.042 [info] > git for-each-ref --sort -committerdate --format %(refname)%00%(objectname)%00%(*objectname) [48ms]
2025-08-14 22:18:16.208 [info] > git status -z -uall [248ms]
2025-08-14 22:18:21.305 [info] > git config --get commit.template [44ms]
2025-08-14 22:18:21.319 [info] > git for-each-ref --format=%(refname)%00%(upstream:short)%00%(objectname)%00%(upstream:track)%00%(upstream:remotename)%00%(upstream:remoteref) refs/heads/master refs/remotes/master [26ms]
2025-08-14 22:18:21.373 [info] > git for-each-ref --sort -committerdate --format %(refname)%00%(objectname)%00%(*objectname) [27ms]
2025-08-14 22:18:21.446 [info] > git status -z -uall [110ms]
2025-08-14 22:18:22.443 [info] > git check-ignore -v -z --stdin [27ms]
2025-08-14 22:18:26.536 [info] > git config --get commit.template [4ms]
2025-08-14 22:18:26.556 [info] > git for-each-ref --format=%(refname)%00%(upstream:short)%00%(objectname)%00%(upstream:track)%00%(upstream:remotename)%00%(upstream:remoteref) refs/heads/master refs/remotes/master [2ms]
2025-08-14 22:18:26.627 [info] > git for-each-ref --sort -committerdate --format %(refname)%00%(objectname)%00%(*objectname) [5ms]
2025-08-14 22:18:26.742 [info] > git status -z -uall [167ms]
2025-08-14 22:18:31.803 [info] > git config --get commit.template [13ms]
2025-08-14 22:18:31.806 [info] > git for-each-ref --format=%(refname)%00%(upstream:short)%00%(objectname)%00%(upstream:track)%00%(upstream:remotename)%00%(upstream:remoteref) refs/heads/master refs/remotes/master [4ms]
2025-08-14 22:18:31.867 [info] > git for-each-ref --sort -committerdate --format %(refname)%00%(objectname)%00%(*objectname) [27ms]
2025-08-14 22:18:31.940 [info] > git status -z -uall [124ms]
2025-08-14 22:18:37.029 [info] > git config --get commit.template [22ms]
2025-08-14 22:18:37.031 [info] > git for-each-ref --format=%(refname)%00%(upstream:short)%00%(objectname)%00%(upstream:track)%00%(upstream:remotename)%00%(upstream:remoteref) refs/heads/master refs/remotes/master [6ms]
2025-08-14 22:18:37.083 [info] > git for-each-ref --sort -committerdate --format %(refname)%00%(objectname)%00%(*objectname) [17ms]
2025-08-14 22:18:37.154 [info] > git status -z -uall [113ms]
2025-08-14 22:18:42.198 [info] > git config --get commit.template [2ms]
2025-08-14 22:18:42.213 [info] > git for-each-ref --format=%(refname)%00%(upstream:short)%00%(objectname)%00%(upstream:track)%00%(upstream:remotename)%00%(upstream:remoteref) refs/heads/master refs/remotes/master [5ms]
2025-08-14 22:18:42.306 [info] > git for-each-ref --sort -committerdate --format %(refname)%00%(objectname)%00%(*objectname) [2ms]
2025-08-14 22:18:42.444 [info] > git status -z -uall [206ms]
2025-08-14 22:18:47.524 [info] > git config --get commit.template [9ms]
2025-08-14 22:18:47.526 [info] > git for-each-ref --format=%(refname)%00%(upstream:short)%00%(objectname)%00%(upstream:track)%00%(upstream:remotename)%00%(upstream:remoteref) refs/heads/master refs/remotes/master [3ms]
2025-08-14 22:18:47.561 [info] > git for-each-ref --sort -committerdate --format %(refname)%00%(objectname)%00%(*objectname) [12ms]
2025-08-14 22:18:47.644 [info] > git status -z -uall [109ms]
2025-08-14 22:18:52.707 [info] > git config --get commit.template [7ms]
2025-08-14 22:18:52.724 [info] > git for-each-ref --format=%(refname)%00%(upstream:short)%00%(objectname)%00%(upstream:track)%00%(upstream:remotename)%00%(upstream:remoteref) refs/heads/master refs/remotes/master [4ms]
2025-08-14 22:18:52.774 [info] > git for-each-ref --sort -committerdate --format %(refname)%00%(objectname)%00%(*objectname) [11ms]
2025-08-14 22:18:52.843 [info] > git status -z -uall [108ms]
2025-08-14 22:18:57.920 [info] > git config --get commit.template [9ms]
2025-08-14 22:18:57.934 [info] > git for-each-ref --format=%(refname)%00%(upstream:short)%00%(objectname)%00%(upstream:track)%00%(upstream:remotename)%00%(upstream:remoteref) refs/heads/master refs/remotes/master [3ms]
2025-08-14 22:18:57.973 [info] > git for-each-ref --sort -committerdate --format %(refname)%00%(objectname)%00%(*objectname) [10ms]
2025-08-14 22:18:58.146 [info] > git status -z -uall [192ms]
2025-08-14 22:19:03.208 [info] > git config --get commit.template [8ms]
2025-08-14 22:19:03.232 [info] > git for-each-ref --format=%(refname)%00%(upstream:short)%00%(objectname)%00%(upstream:track)%00%(upstream:remotename)%00%(upstream:remoteref) refs/heads/master refs/remotes/master [9ms]
2025-08-14 22:19:03.318 [info] > git for-each-ref --sort -committerdate --format %(refname)%00%(objectname)%00%(*objectname) [17ms]
2025-08-14 22:19:03.440 [info] > git status -z -uall [187ms]
2025-08-14 22:19:08.510 [info] > git config --get commit.template [11ms]
2025-08-14 22:19:08.512 [info] > git for-each-ref --format=%(refname)%00%(upstream:short)%00%(objectname)%00%(upstream:track)%00%(upstream:remotename)%00%(upstream:remoteref) refs/heads/master refs/remotes/master [3ms]
2025-08-14 22:19:08.559 [info] > git for-each-ref --sort -committerdate --format %(refname)%00%(objectname)%00%(*objectname) [30ms]
2025-08-14 22:19:08.629 [info] > git status -z -uall [110ms]
2025-08-14 22:19:13.691 [info] > git config --get commit.template [10ms]
2025-08-14 22:19:13.693 [info] > git for-each-ref --format=%(refname)%00%(upstream:short)%00%(objectname)%00%(upstream:track)%00%(upstream:remotename)%00%(upstream:remoteref) refs/heads/master refs/remotes/master [3ms]
2025-08-14 22:19:13.743 [info] > git for-each-ref --sort -committerdate --format %(refname)%00%(objectname)%00%(*objectname) [8ms]
2025-08-14 22:19:13.806 [info] > git status -z -uall [105ms]
2025-08-14 22:19:18.875 [info] > git config --get commit.template [15ms]
2025-08-14 22:19:18.877 [info] > git for-each-ref --format=%(refname)%00%(upstream:short)%00%(objectname)%00%(upstream:track)%00%(upstream:remotename)%00%(upstream:remoteref) refs/heads/master refs/remotes/master [4ms]
2025-08-14 22:19:18.961 [info] > git for-each-ref --sort -committerdate --format %(refname)%00%(objectname)%00%(*objectname) [50ms]
2025-08-14 22:19:19.040 [info] > git status -z -uall [152ms]
2025-08-14 22:19:24.133 [info] > git config --get commit.template [7ms]
2025-08-14 22:19:24.142 [info] > git for-each-ref --format=%(refname)%00%(upstream:short)%00%(objectname)%00%(upstream:track)%00%(upstream:remotename)%00%(upstream:remoteref) refs/heads/master refs/remotes/master [2ms]
2025-08-14 22:19:24.191 [info] > git for-each-ref --sort -committerdate --format %(refname)%00%(objectname)%00%(*objectname) [26ms]
2025-08-14 22:19:24.271 [info] > git status -z -uall [120ms]
2025-08-14 22:19:29.335 [info] > git config --get commit.template [12ms]
2025-08-14 22:19:29.342 [info] > git for-each-ref --format=%(refname)%00%(upstream:short)%00%(objectname)%00%(upstream:track)%00%(upstream:remotename)%00%(upstream:remoteref) refs/heads/master refs/remotes/master [9ms]
2025-08-14 22:19:29.481 [info] > git for-each-ref --sort -committerdate --format %(refname)%00%(objectname)%00%(*objectname) [14ms]
2025-08-14 22:19:29.623 [info] > git status -z -uall [254ms]
2025-08-14 22:19:34.702 [info] > git config --get commit.template [5ms]
2025-08-14 22:19:34.735 [info] > git for-each-ref --format=%(refname)%00%(upstream:short)%00%(objectname)%00%(upstream:track)%00%(upstream:remotename)%00%(upstream:remoteref) refs/heads/master refs/remotes/master [11ms]
2025-08-14 22:19:34.815 [info] > git for-each-ref --sort -committerdate --format %(refname)%00%(objectname)%00%(*objectname) [13ms]
2025-08-14 22:19:35.244 [info] > git status -z -uall [492ms]
2025-08-14 22:19:40.333 [info] > git config --get commit.template [10ms]
2025-08-14 22:19:40.334 [info] > git for-each-ref --format=%(refname)%00%(upstream:short)%00%(objectname)%00%(upstream:track)%00%(upstream:remotename)%00%(upstream:remoteref) refs/heads/master refs/remotes/master [3ms]
2025-08-14 22:19:40.389 [info] > git for-each-ref --sort -committerdate --format %(refname)%00%(objectname)%00%(*objectname) [21ms]
2025-08-14 22:19:40.472 [info] > git status -z -uall [131ms]
2025-08-14 22:19:56.855 [info] > git config --get commit.template [27ms]
2025-08-14 22:19:56.858 [info] > git for-each-ref --format=%(refname)%00%(upstream:short)%00%(objectname)%00%(upstream:track)%00%(upstream:remotename)%00%(upstream:remoteref) refs/heads/master refs/remotes/master [5ms]
2025-08-14 22:19:56.917 [info] > git for-each-ref --sort -committerdate --format %(refname)%00%(objectname)%00%(*objectname) [25ms]
2025-08-14 22:19:56.988 [info] > git status -z -uall [117ms]
2025-08-14 22:20:02.050 [info] > git config --get commit.template [11ms]
2025-08-14 22:20:02.051 [info] > git for-each-ref --format=%(refname)%00%(upstream:short)%00%(objectname)%00%(upstream:track)%00%(upstream:remotename)%00%(upstream:remoteref) refs/heads/master refs/remotes/master [3ms]
2025-08-14 22:20:02.090 [info] > git for-each-ref --sort -committerdate --format %(refname)%00%(objectname)%00%(*objectname) [20ms]
2025-08-14 22:20:02.175 [info] > git status -z -uall [116ms]
2025-08-14 22:20:07.028 [info] > git check-ignore -v -z --stdin [11ms]
2025-08-14 22:20:07.264 [info] > git config --get commit.template [18ms]
2025-08-14 22:20:07.268 [info] > git for-each-ref --format=%(refname)%00%(upstream:short)%00%(objectname)%00%(upstream:track)%00%(upstream:remotename)%00%(upstream:remoteref) refs/heads/master refs/remotes/master [5ms]
2025-08-14 22:20:07.334 [info] > git for-each-ref --sort -committerdate --format %(refname)%00%(objectname)%00%(*objectname) [32ms]
2025-08-14 22:20:07.430 [info] > git status -z -uall [152ms]
2025-08-14 22:20:12.534 [info] > git config --get commit.template [11ms]
2025-08-14 22:20:12.537 [info] > git for-each-ref --format=%(refname)%00%(upstream:short)%00%(objectname)%00%(upstream:track)%00%(upstream:remotename)%00%(upstream:remoteref) refs/heads/master refs/remotes/master [5ms]
2025-08-14 22:20:12.586 [info] > git for-each-ref --sort -committerdate --format %(refname)%00%(objectname)%00%(*objectname) [12ms]
2025-08-14 22:20:12.647 [info] > git status -z -uall [103ms]
2025-08-14 22:20:29.533 [info] > git config --get commit.template [6ms]
2025-08-14 22:20:29.559 [info] > git for-each-ref --format=%(refname)%00%(upstream:short)%00%(objectname)%00%(upstream:track)%00%(upstream:remotename)%00%(upstream:remoteref) refs/heads/master refs/remotes/master [8ms]
2025-08-14 22:20:29.630 [info] > git for-each-ref --sort -committerdate --format %(refname)%00%(objectname)%00%(*objectname) [9ms]
2025-08-14 22:20:29.703 [info] > git status -z -uall [130ms]
2025-08-14 22:20:34.790 [info] > git config --get commit.template [23ms]
2025-08-14 22:20:34.795 [info] > git for-each-ref --format=%(refname)%00%(upstream:short)%00%(objectname)%00%(upstream:track)%00%(upstream:remotename)%00%(upstream:remoteref) refs/heads/master refs/remotes/master [9ms]
2025-08-14 22:20:34.838 [info] > git for-each-ref --sort -committerdate --format %(refname)%00%(objectname)%00%(*objectname) [6ms]
2025-08-14 22:20:34.943 [info] > git status -z -uall [128ms]
2025-08-14 22:20:36.833 [info] > git show --textconv :update.yml [18ms]
2025-08-14 22:20:36.846 [warning] [GitFileSystemProvider][readFile] File not found - git:/home/renebraxhoofden/update.yml.git?%7B%22path%22%3A%22%2Fhome%2Frenebraxhoofden%2Fupdate.yml%22%2C%22ref%22%3A%22%22%7D
2025-08-14 22:20:36.852 [info] > git ls-files --stage -- update.yml [28ms]
2025-08-14 22:20:36.853 [warning] [GitFileSystemProvider][stat] File not found - git:/home/renebraxhoofden/update.yml.git?%7B%22path%22%3A%22%2Fhome%2Frenebraxhoofden%2Fupdate.yml%22%2C%22ref%22%3A%22%22%7D
2025-08-14 22:20:36.985 [info] > git check-ignore -v -z --stdin [9ms]
2025-08-14 22:20:40.032 [info] > git config --get commit.template [17ms]
2025-08-14 22:20:40.065 [info] > git for-each-ref --format=%(refname)%00%(upstream:short)%00%(objectname)%00%(upstream:track)%00%(upstream:remotename)%00%(upstream:remoteref) refs/heads/master refs/remotes/master [4ms]
2025-08-14 22:20:40.274 [info] > git for-each-ref --sort -committerdate --format %(refname)%00%(objectname)%00%(*objectname) [128ms]
2025-08-14 22:20:40.543 [info] > git status -z -uall [456ms]
2025-08-14 22:20:45.660 [info] > git config --get commit.template [6ms]
2025-08-14 22:20:45.681 [info] > git for-each-ref --format=%(refname)%00%(upstream:short)%00%(objectname)%00%(upstream:track)%00%(upstream:remotename)%00%(upstream:remoteref) refs/heads/master refs/remotes/master [4ms]
2025-08-14 22:20:45.868 [info] > git for-each-ref --sort -committerdate --format %(refname)%00%(objectname)%00%(*objectname) [132ms]
2025-08-14 22:20:46.171 [info] > git status -z -uall [465ms]
2025-08-14 22:20:46.242 [info] > git check-ignore -v -z --stdin [97ms]
2025-08-14 22:20:46.290 [info] > git show --textconv :github/workflows/update.yml [49ms]
2025-08-14 22:20:46.294 [warning] [GitFileSystemProvider][readFile] File not found - git:/home/renebraxhoofden/github/workflows/update.yml.git?%7B%22path%22%3A%22%2Fhome%2Frenebraxhoofden%2Fgithub%2Fworkflows%2Fupdate.yml%22%2C%22ref%22%3A%22%22%7D
2025-08-14 22:20:46.702 [info] > git ls-files --stage -- github/workflows/update.yml [416ms]
2025-08-14 22:20:46.703 [warning] [GitFileSystemProvider][stat] File not found - git:/home/renebraxhoofden/github/workflows/update.yml.git?%7B%22path%22%3A%22%2Fhome%2Frenebraxhoofden%2Fgithub%2Fworkflows%2Fupdate.yml%22%2C%22ref%22%3A%22%22%7D
2025-08-14 22:22:47.581 [info] > git config --get commit.template [20ms]
2025-08-14 22:22:47.589 [info] > git for-each-ref --format=%(refname)%00%(upstream:short)%00%(objectname)%00%(upstream:track)%00%(upstream:remotename)%00%(upstream:remoteref) refs/heads/master refs/remotes/master [12ms]
2025-08-14 22:22:47.741 [info] > git for-each-ref --sort -committerdate --format %(refname)%00%(objectname)%00%(*objectname) [14ms]
2025-08-14 22:22:48.144 [info] > git status -z -uall [519ms]
2025-08-14 22:22:53.290 [info] > git config --get commit.template [7ms]
2025-08-14 22:22:53.313 [info] > git for-each-ref --format=%(refname)%00%(upstream:short)%00%(objectname)%00%(upstream:track)%00%(upstream:remotename)%00%(upstream:remoteref) refs/heads/master refs/remotes/master [13ms]
2025-08-14 22:22:53.436 [info] > git for-each-ref --sort -committerdate --format %(refname)%00%(objectname)%00%(*objectname) [53ms]
2025-08-14 22:22:53.611 [info] > git status -z -uall [264ms]
2025-08-14 22:22:58.670 [info] > git config --get commit.template [6ms]
2025-08-14 22:22:58.690 [info] > git for-each-ref --format=%(refname)%00%(upstream:short)%00%(objectname)%00%(upstream:track)%00%(upstream:remotename)%00%(upstream:remoteref) refs/heads/master refs/remotes/master [7ms]
2025-08-14 22:22:58.755 [info] > git for-each-ref --sort -committerdate --format %(refname)%00%(objectname)%00%(*objectname) [5ms]
2025-08-14 22:22:58.849 [info] > git status -z -uall [144ms]
2025-08-14 22:23:03.940 [info] > git config --get commit.template [18ms]
2025-08-14 22:23:03.942 [info] > git for-each-ref --format=%(refname)%00%(upstream:short)%00%(objectname)%00%(upstream:track)%00%(upstream:remotename)%00%(upstream:remoteref) refs/heads/master refs/remotes/master [5ms]
2025-08-14 22:23:03.986 [info] > git for-each-ref --sort -committerdate --format %(refname)%00%(objectname)%00%(*objectname) [6ms]
2025-08-14 22:23:04.063 [info] > git status -z -uall [112ms]
2025-08-14 22:23:08.698 [info] > git check-ignore -v -z --stdin [8ms]
2025-08-14 22:23:09.112 [info] > git config --get commit.template [9ms]
2025-08-14 22:23:09.113 [info] > git for-each-ref --format=%(refname)%00%(upstream:short)%00%(objectname)%00%(upstream:track)%00%(upstream:remotename)%00%(upstream:remoteref) refs/heads/master refs/remotes/master [2ms]
2025-08-14 22:23:09.166 [info] > git for-each-ref --sort -committerdate --format %(refname)%00%(objectname)%00%(*objectname) [34ms]
2025-08-14 22:23:09.254 [info] > git status -z -uall [134ms]
2025-08-14 22:23:14.317 [info] > git config --get commit.template [10ms]
2025-08-14 22:23:14.318 [info] > git for-each-ref --format=%(refname)%00%(upstream:short)%00%(objectname)%00%(upstream:track)%00%(upstream:remotename)%00%(upstream:remoteref) refs/heads/master refs/remotes/master [3ms]
2025-08-14 22:23:14.344 [info] > git for-each-ref --sort -committerdate --format %(refname)%00%(objectname)%00%(*objectname) [6ms]
2025-08-14 22:23:14.461 [info] > git status -z -uall [136ms]
2025-08-14 22:23:18.810 [info] > git check-ignore -v -z --stdin [17ms]
2025-08-14 22:23:19.510 [info] > git config --get commit.template [6ms]
2025-08-14 22:23:19.526 [info] > git for-each-ref --format=%(refname)%00%(upstream:short)%00%(objectname)%00%(upstream:track)%00%(upstream:remotename)%00%(upstream:remoteref) refs/heads/master refs/remotes/master [4ms]
2025-08-14 22:23:19.601 [info] > git for-each-ref --sort -committerdate --format %(refname)%00%(objectname)%00%(*objectname) [14ms]
2025-08-14 22:23:19.730 [info] > git status -z -uall [189ms]
2025-08-14 22:23:31.209 [info] > git config --get commit.template [5ms]
2025-08-14 22:23:31.235 [info] > git for-each-ref --format=%(refname)%00%(upstream:short)%00%(objectname)%00%(upstream:track)%00%(upstream:remotename)%00%(upstream:remoteref) refs/heads/master refs/remotes/master [8ms]
2025-08-14 22:23:31.305 [info] > git for-each-ref --sort -committerdate --format %(refname)%00%(objectname)%00%(*objectname) [30ms]
2025-08-14 22:23:31.464 [info] > git status -z -uall [212ms]
2025-08-14 22:23:36.626 [info] > git config --get commit.template [13ms]
2025-08-14 22:23:36.628 [info] > git for-each-ref --format=%(refname)%00%(upstream:short)%00%(objectname)%00%(upstream:track)%00%(upstream:remotename)%00%(upstream:remoteref) refs/heads/master refs/remotes/master [3ms]
2025-08-14 22:23:36.681 [info] > git for-each-ref --sort -committerdate --format %(refname)%00%(objectname)%00%(*objectname) [8ms]
2025-08-14 22:23:36.752 [info] > git status -z -uall [117ms]
2025-08-14 22:23:40.969 [info] > git show --textconv :.github/workflow/update.yml [15ms]
2025-08-14 22:23:40.971 [warning] [GitFileSystemProvider][readFile] File not found - git:/home/renebraxhoofden/.github/workflow/update.yml.git?%7B%22path%22%3A%22%2Fhome%2Frenebraxhoofden%2F.github%2Fworkflow%2Fupdate.yml%22%2C%22ref%22%3A%22%22%7D
2025-08-14 22:23:40.976 [info] > git ls-files --stage -- .github/workflow/update.yml [12ms]
2025-08-14 22:23:40.977 [warning] [GitFileSystemProvider][stat] File not found - git:/home/renebraxhoofden/.github/workflow/update.yml.git?%7B%22path%22%3A%22%2Fhome%2Frenebraxhoofden%2F.github%2Fworkflow%2Fupdate.yml%22%2C%22ref%22%3A%22%22%7D
2025-08-14 22:23:41.216 [info] > git check-ignore -v -z --stdin [15ms]
2025-08-14 22:23:41.804 [info] > git config --get commit.template [10ms]
2025-08-14 22:23:41.807 [info] > git for-each-ref --format=%(refname)%00%(upstream:short)%00%(objectname)%00%(upstream:track)%00%(upstream:remotename)%00%(upstream:remoteref) refs/heads/master refs/remotes/master [4ms]
2025-08-14 22:23:41.872 [info] > git for-each-ref --sort -committerdate --format %(refname)%00%(objectname)%00%(*objectname) [9ms]
2025-08-14 22:23:41.932 [info] > git status -z -uall [115ms]
2025-08-14 22:24:03.088 [info] > git config --get commit.template [20ms]
2025-08-14 22:24:03.098 [info] > git for-each-ref --format=%(refname)%00%(upstream:short)%00%(objectname)%00%(upstream:track)%00%(upstream:remotename)%00%(upstream:remoteref) refs/heads/master refs/remotes/master [11ms]
2025-08-14 22:24:03.177 [info] > git for-each-ref --sort -committerdate --format %(refname)%00%(objectname)%00%(*objectname) [32ms]
2025-08-14 22:24:03.277 [info] > git status -z -uall [161ms]
2025-08-14 22:45:16.315 [info] > git check-ignore -v -z --stdin [19ms]
2025-08-14 22:47:18.528 [info] > git config --get commit.template [7ms]
2025-08-14 22:47:18.586 [info] > git for-each-ref --format=%(refname)%00%(upstream:short)%00%(objectname)%00%(upstream:track)%00%(upstream:remotename)%00%(upstream:remoteref) refs/heads/master refs/remotes/master [22ms]
2025-08-14 22:47:18.628 [info] > git for-each-ref --sort -committerdate --format %(refname)%00%(objectname)%00%(*objectname) [7ms]
2025-08-14 22:47:18.899 [info] > git status -z -uall [300ms]
2025-08-14 22:47:18.964 [info] > git merge-base refs/heads/master refs/remotes/origin/master [10ms]
2025-08-14 22:47:18.987 [info] > git diff --name-status -z --diff-filter=ADMR 3720505293a2291aa3a560722c9cb50e98539508...refs/remotes/origin/master [11ms]
2025-08-14 22:47:19.260 [info] > git show --textconv :.github/workflow/update.yml [13ms]
2025-08-14 22:47:19.275 [info] > git ls-files --stage -- .github/workflow/update.yml [16ms]
2025-08-14 22:47:19.287 [info] > git cat-file -s bba46c13f85b52efdf7806c8e557a9d17c7a019a [3ms]
2025-08-14 22:47:20.093 [info] > git blame --root --incremental 3720505293a2291aa3a560722c9cb50e98539508 -- .github/workflow/update.yml [149ms]
2025-08-14 22:47:24.039 [info] > git config --get commit.template [29ms]
2025-08-14 22:47:24.056 [info] > git for-each-ref --format=%(refname)%00%(upstream:short)%00%(objectname)%00%(upstream:track)%00%(upstream:remotename)%00%(upstream:remoteref) refs/heads/master refs/remotes/master [23ms]
2025-08-14 22:47:24.164 [info] > git for-each-ref --sort -committerdate --format %(refname)%00%(objectname)%00%(*objectname) [56ms]
2025-08-14 22:47:24.316 [info] > git status -z -uall [245ms]
2025-08-14 22:47:29.061 [info] > git check-ignore -v -z --stdin [24ms]
2025-08-14 22:47:29.859 [info] > git config --get commit.template [4ms]
2025-08-14 22:47:29.873 [info] > git for-each-ref --format=%(refname)%00%(upstream:short)%00%(objectname)%00%(upstream:track)%00%(upstream:remotename)%00%(upstream:remoteref) refs/heads/master refs/remotes/master [4ms]
2025-08-14 22:47:29.933 [info] > git for-each-ref --sort -committerdate --format %(refname)%00%(objectname)%00%(*objectname) [38ms]
2025-08-14 22:47:29.985 [info] > git status -z -uall [103ms]
2025-08-14 22:47:32.555 [info] > git show --textconv :scraper.py [46ms]
2025-08-14 22:47:32.580 [info] > git ls-files --stage -- scraper.py [26ms]
2025-08-14 22:47:32.610 [info] > git cat-file -s feece9c90c9d1865436086c3f4381678dc993f7e [9ms]
2025-08-14 22:47:32.766 [info] > git blame --root --incremental 3720505293a2291aa3a560722c9cb50e98539508 -- scraper.py [81ms]
2025-08-14 22:47:34.600 [info] > git ls-files --stage -- .github/workflow/update.yml [35ms]
2025-08-14 22:47:34.649 [info] > git show --textconv :.github/workflow/update.yml [143ms]
2025-08-14 22:47:34.671 [info] > git cat-file -s bba46c13f85b52efdf7806c8e557a9d17c7a019a [23ms]
2025-08-14 22:47:35.042 [info] > git config --get commit.template [27ms]
2025-08-14 22:47:35.049 [info] > git for-each-ref --format=%(refname)%00%(upstream:short)%00%(objectname)%00%(upstream:track)%00%(upstream:remotename)%00%(upstream:remoteref) refs/heads/master refs/remotes/master [9ms]
2025-08-14 22:47:35.140 [info] > git for-each-ref --sort -committerdate --format %(refname)%00%(objectname)%00%(*objectname) [42ms]
2025-08-14 22:47:35.216 [info] > git status -z -uall [141ms]
2025-08-14 22:48:31.592 [info] > git config --get commit.template [23ms]
2025-08-14 22:48:31.597 [info] > git for-each-ref --format=%(refname)%00%(upstream:short)%00%(objectname)%00%(upstream:track)%00%(upstream:remotename)%00%(upstream:remoteref) refs/heads/master refs/remotes/master [11ms]
2025-08-14 22:48:31.713 [info] > git for-each-ref --sort -committerdate --format %(refname)%00%(objectname)%00%(*objectname) [66ms]
2025-08-14 22:48:31.725 [info] > git ls-files --stage -- .github/workflow/update.yml [17ms]
2025-08-14 22:48:31.746 [info] > git cat-file -s bba46c13f85b52efdf7806c8e557a9d17c7a019a [6ms]
2025-08-14 22:48:31.840 [info] > git status -z -uall [221ms]
2025-08-14 22:48:31.859 [info] > git show --textconv :.github/workflow/update.yml [22ms]
2025-08-14 22:48:41.218 [info] > git config --get commit.template [6ms]
2025-08-14 22:48:41.245 [info] > git for-each-ref --format=%(refname)%00%(upstream:short)%00%(objectname)%00%(upstream:track)%00%(upstream:remotename)%00%(upstream:remoteref) refs/heads/master refs/remotes/master [14ms]
2025-08-14 22:48:41.330 [info] > git for-each-ref --sort -committerdate --format %(refname)%00%(objectname)%00%(*objectname) [42ms]
2025-08-14 22:48:41.459 [info] > git status -z -uall [194ms]
2025-08-14 22:48:46.510 [info] > git config --get commit.template [14ms]
2025-08-14 22:48:46.512 [info] > git for-each-ref --format=%(refname)%00%(upstream:short)%00%(objectname)%00%(upstream:track)%00%(upstream:remotename)%00%(upstream:remoteref) refs/heads/master refs/remotes/master [3ms]
2025-08-14 22:48:46.543 [info] > git for-each-ref --sort -committerdate --format %(refname)%00%(objectname)%00%(*objectname) [15ms]
2025-08-14 22:48:46.609 [info] > git status -z -uall [90ms]
2025-08-14 22:49:41.757 [info] > git config --get commit.template [11ms]
2025-08-14 22:49:41.759 [info] > git for-each-ref --format=%(refname)%00%(upstream:short)%00%(objectname)%00%(upstream:track)%00%(upstream:remotename)%00%(upstream:remoteref) refs/heads/master refs/remotes/master [2ms]
2025-08-14 22:49:41.782 [info] > git for-each-ref --sort -committerdate --format %(refname)%00%(objectname)%00%(*objectname) [8ms]
2025-08-14 22:49:41.876 [info] > git status -z -uall [110ms]
2025-08-14 22:50:41.807 [info] > git config --get commit.template [9ms]
2025-08-14 22:50:41.822 [info] > git for-each-ref --format=%(refname)%00%(upstream:short)%00%(objectname)%00%(upstream:track)%00%(upstream:remotename)%00%(upstream:remoteref) refs/heads/master refs/remotes/master [4ms]
2025-08-14 22:50:41.842 [info] > git for-each-ref --sort -committerdate --format %(refname)%00%(objectname)%00%(*objectname) [4ms]
2025-08-14 22:50:41.945 [info] > git status -z -uall [116ms]
2025-08-14 22:51:41.817 [info] > git for-each-ref --format=%(refname)%00%(upstream:short)%00%(objectname)%00%(upstream:track)%00%(upstream:remotename)%00%(upstream:remoteref) refs/heads/master refs/remotes/master [19ms]
2025-08-14 22:51:41.819 [info] > git config --get commit.template [40ms]
2025-08-14 22:51:41.877 [info] > git for-each-ref --sort -committerdate --format %(refname)%00%(objectname)%00%(*objectname) [13ms]
2025-08-14 22:51:41.969 [info] > git status -z -uall [116ms]
2025-08-14 22:52:20.028 [info] > git config --get commit.template [4ms]
2025-08-14 22:52:20.038 [info] > git for-each-ref --format=%(refname)%00%(upstream:short)%00%(objectname)%00%(upstream:track)%00%(upstream:remotename)%00%(upstream:remoteref) refs/heads/master refs/remotes/master [3ms]
2025-08-14 22:52:20.102 [info] > git for-each-ref --sort -committerdate --format %(refname)%00%(objectname)%00%(*objectname) [44ms]
2025-08-14 22:52:20.158 [info] > git status -z -uall [110ms]
2025-08-14 22:52:41.794 [info] > git config --get commit.template [12ms]
2025-08-14 22:52:41.796 [info] > git for-each-ref --format=%(refname)%00%(upstream:short)%00%(objectname)%00%(upstream:track)%00%(upstream:remotename)%00%(upstream:remoteref) refs/heads/master refs/remotes/master [3ms]
2025-08-14 22:52:41.827 [info] > git for-each-ref --sort -committerdate --format %(refname)%00%(objectname)%00%(*objectname) [13ms]
2025-08-14 22:52:41.912 [info] > git status -z -uall [109ms]
2025-08-14 22:52:52.397 [info] > git config --get commit.template [26ms]
2025-08-14 22:52:52.407 [info] > git for-each-ref --format=%(refname)%00%(upstream:short)%00%(objectname)%00%(upstream:track)%00%(upstream:remotename)%00%(upstream:remoteref) refs/heads/master refs/remotes/master [11ms]
2025-08-14 22:52:52.504 [info] > git for-each-ref --sort -committerdate --format %(refname)%00%(objectname)%00%(*objectname) [43ms]
2025-08-14 22:52:52.598 [info] > git status -z -uall [171ms]
2025-08-14 22:53:10.019 [info] > git config --get commit.template [22ms]
2025-08-14 22:53:10.027 [info] > git for-each-ref --format=%(refname)%00%(upstream:short)%00%(objectname)%00%(upstream:track)%00%(upstream:remotename)%00%(upstream:remoteref) refs/heads/master refs/remotes/master [9ms]
2025-08-14 22:53:10.107 [info] > git for-each-ref --sort -committerdate --format %(refname)%00%(objectname)%00%(*objectname) [22ms]
2025-08-14 22:53:10.204 [info] > git status -z -uall [159ms]
2025-08-14 22:53:19.926 [info] > git config --get commit.template [13ms]
2025-08-14 22:53:19.927 [info] > git for-each-ref --format=%(refname)%00%(upstream:short)%00%(objectname)%00%(upstream:track)%00%(upstream:remotename)%00%(upstream:remoteref) refs/heads/master refs/remotes/master [3ms]
2025-08-14 22:53:19.974 [info] > git for-each-ref --sort -committerdate --format %(refname)%00%(objectname)%00%(*objectname) [10ms]
2025-08-14 22:53:20.033 [info] > git status -z -uall [98ms]
2025-08-14 22:53:26.266 [info] > git show --textconv :scraper.py [40ms]
2025-08-14 22:53:26.295 [info] > git ls-files --stage -- scraper.py [41ms]
2025-08-14 22:53:26.311 [info] > git cat-file -s feece9c90c9d1865436086c3f4381678dc993f7e [7ms]
2025-08-14 22:53:27.476 [info] > git config --get commit.template [2ms]
2025-08-14 22:53:27.487 [info] > git for-each-ref --format=%(refname)%00%(upstream:short)%00%(objectname)%00%(upstream:track)%00%(upstream:remotename)%00%(upstream:remoteref) refs/heads/master refs/remotes/master [3ms]
2025-08-14 22:53:27.544 [info] > git for-each-ref --sort -committerdate --format %(refname)%00%(objectname)%00%(*objectname) [21ms]
2025-08-14 22:53:27.631 [info] > git status -z -uall [135ms]
2025-08-14 22:53:34.448 [info] > git show --textconv :.github/workflow/update.yml [19ms]
2025-08-14 22:53:34.463 [info] > git ls-files --stage -- .github/workflow/update.yml [16ms]
2025-08-14 22:53:34.480 [info] > git cat-file -s bba46c13f85b52efdf7806c8e557a9d17c7a019a [3ms]
2025-08-14 22:53:35.666 [info] > git config --get commit.template [1ms]
2025-08-14 22:53:35.681 [info] > git for-each-ref --format=%(refname)%00%(upstream:short)%00%(objectname)%00%(upstream:track)%00%(upstream:remotename)%00%(upstream:remoteref) refs/heads/master refs/remotes/master [5ms]
2025-08-14 22:53:35.735 [info] > git for-each-ref --sort -committerdate --format %(refname)%00%(objectname)%00%(*objectname) [32ms]
2025-08-14 22:53:35.785 [info] > git status -z -uall [95ms]
2025-08-14 22:54:31.997 [info] > git config --get commit.template [21ms]
2025-08-14 22:54:32.001 [info] > git for-each-ref --format=%(refname)%00%(upstream:short)%00%(objectname)%00%(upstream:track)%00%(upstream:remotename)%00%(upstream:remoteref) refs/heads/master refs/remotes/master [6ms]
2025-08-14 22:54:32.098 [info] > git for-each-ref --sort -committerdate --format %(refname)%00%(objectname)%00%(*objectname) [21ms]
2025-08-14 22:54:32.224 [info] > git status -z -uall [208ms]
2025-08-14 22:54:41.620 [info] > git config --get commit.template [8ms]
2025-08-14 22:54:41.646 [info] > git for-each-ref --format=%(refname)%00%(upstream:short)%00%(objectname)%00%(upstream:track)%00%(upstream:remotename)%00%(upstream:remoteref) refs/heads/master refs/remotes/master [3ms]
2025-08-14 22:54:41.736 [info] > git for-each-ref --sort -committerdate --format %(refname)%00%(objectname)%00%(*objectname) [18ms]
2025-08-14 22:54:41.877 [info] > git status -z -uall [208ms]
2025-08-14 22:54:46.946 [info] > git config --get commit.template [31ms]
2025-08-14 22:54:46.953 [info] > git for-each-ref --format=%(refname)%00%(upstream:short)%00%(objectname)%00%(upstream:track)%00%(upstream:remotename)%00%(upstream:remoteref) refs/heads/master refs/remotes/master [10ms]
2025-08-14 22:54:47.019 [info] > git for-each-ref --sort -committerdate --format %(refname)%00%(objectname)%00%(*objectname) [22ms]
2025-08-14 22:54:47.098 [info] > git status -z -uall [115ms]
2025-08-14 22:57:14.981 [info] > git config --get commit.template [25ms]
2025-08-14 22:57:14.996 [info] > git for-each-ref --format=%(refname)%00%(upstream:short)%00%(objectname)%00%(upstream:track)%00%(upstream:remotename)%00%(upstream:remoteref) refs/heads/master refs/remotes/master [18ms]
2025-08-14 22:57:15.130 [info] > git ls-files --stage -- .github/workflow/update.yml [29ms]
2025-08-14 22:57:15.222 [info] > git for-each-ref --sort -committerdate --format %(refname)%00%(objectname)%00%(*objectname) [182ms]
2025-08-14 22:57:15.248 [info] > git cat-file -s bba46c13f85b52efdf7806c8e557a9d17c7a019a [26ms]
2025-08-14 22:57:15.449 [info] > git status -z -uall [430ms]
2025-08-14 22:57:15.506 [info] > git show --textconv :.github/workflow/update.yml [18ms]
2025-08-14 22:57:20.507 [info] > git config --get commit.template [8ms]
2025-08-14 22:57:20.508 [info] > git for-each-ref --format=%(refname)%00%(upstream:short)%00%(objectname)%00%(upstream:track)%00%(upstream:remotename)%00%(upstream:remoteref) refs/heads/master refs/remotes/master [3ms]
2025-08-14 22:57:20.556 [info] > git for-each-ref --sort -committerdate --format %(refname)%00%(objectname)%00%(*objectname) [14ms]
2025-08-14 22:57:20.618 [info] > git status -z -uall [103ms]
2025-08-14 22:58:31.630 [info] > git config --get commit.template [49ms]
2025-08-14 22:58:31.636 [info] > git ls-files --stage -- .github/workflow/update.yml [44ms]
2025-08-14 22:58:31.647 [info] > git for-each-ref --format=%(refname)%00%(upstream:short)%00%(objectname)%00%(upstream:track)%00%(upstream:remotename)%00%(upstream:remoteref) refs/heads/master refs/remotes/master [22ms]
2025-08-14 22:58:31.736 [info] > git cat-file -s bba46c13f85b52efdf7806c8e557a9d17c7a019a [90ms]
2025-08-14 22:58:31.746 [info] > git for-each-ref --sort -committerdate --format %(refname)%00%(objectname)%00%(*objectname) [32ms]
2025-08-14 22:58:31.843 [info] > git status -z -uall [176ms]
2025-08-14 22:58:31.858 [info] > git show --textconv :.github/workflow/update.yml [18ms]
2025-08-14 22:58:36.891 [info] > git config --get commit.template [12ms]
2025-08-14 22:58:36.894 [info] > git for-each-ref --format=%(refname)%00%(upstream:short)%00%(objectname)%00%(upstream:track)%00%(upstream:remotename)%00%(upstream:remoteref) refs/heads/master refs/remotes/master [6ms]
2025-08-14 22:58:36.925 [info] > git for-each-ref --sort -committerdate --format %(refname)%00%(objectname)%00%(*objectname) [10ms]
2025-08-14 22:58:37.008 [info] > git status -z -uall [104ms]
2025-08-14 22:58:41.524 [info] > git show --textconv :.github/workflows/update.yml [40ms]
2025-08-14 22:58:41.532 [warning] [GitFileSystemProvider][readFile] File not found - git:/home/renebraxhoofden/.github/workflows/update.yml.git?%7B%22path%22%3A%22%2Fhome%2Frenebraxhoofden%2F.github%2Fworkflows%2Fupdate.yml%22%2C%22ref%22%3A%22%22%7D
2025-08-14 22:58:41.546 [info] > git ls-files --stage -- .github/workflows/update.yml [31ms]
2025-08-14 22:58:41.551 [warning] [GitFileSystemProvider][stat] File not found - git:/home/renebraxhoofden/.github/workflows/update.yml.git?%7B%22path%22%3A%22%2Fhome%2Frenebraxhoofden%2F.github%2Fworkflows%2Fupdate.yml%22%2C%22ref%22%3A%22%22%7D
2025-08-14 22:58:41.583 [info] > git blame --root --incremental 3720505293a2291aa3a560722c9cb50e98539508 -- .github/workflows/update.yml [10ms]
2025-08-14 22:58:41.583 [info] fatal: no such path .github/workflows/update.yml in 3720505293a2291aa3a560722c9cb50e98539508
2025-08-14 22:58:41.631 [info] > git check-ignore -v -z --stdin [11ms]
2025-08-14 22:58:42.847 [info] > git config --get commit.template [21ms]
2025-08-14 22:58:42.855 [info] > git for-each-ref --format=%(refname)%00%(upstream:short)%00%(objectname)%00%(upstream:track)%00%(upstream:remotename)%00%(upstream:remoteref) refs/heads/master refs/remotes/master [13ms]
2025-08-14 22:58:42.929 [info] > git for-each-ref --sort -committerdate --format %(refname)%00%(objectname)%00%(*objectname) [32ms]
2025-08-14 22:58:42.987 [info] > git status -z -uall [119ms]
2025-08-14 22:58:54.730 [info] > git config --get commit.template [17ms]
2025-08-14 22:58:54.777 [info] > git for-each-ref --format=%(refname)%00%(upstream:short)%00%(objectname)%00%(upstream:track)%00%(upstream:remotename)%00%(upstream:remoteref) refs/heads/master refs/remotes/master [10ms]
2025-08-14 22:58:54.868 [info] > git for-each-ref --sort -committerdate --format %(refname)%00%(objectname)%00%(*objectname) [23ms]
2025-08-14 22:58:55.128 [info] > git status -z -uall [318ms]
2025-08-14 22:59:35.904 [info] > git config --get commit.template [29ms]
2025-08-14 22:59:35.908 [info] > git for-each-ref --format=%(refname)%00%(upstream:short)%00%(objectname)%00%(upstream:track)%00%(upstream:remotename)%00%(upstream:remoteref) refs/heads/master refs/remotes/master [8ms]
2025-08-14 22:59:36.004 [info] > git for-each-ref --sort -committerdate --format %(refname)%00%(objectname)%00%(*objectname) [4ms]
2025-08-14 22:59:36.091 [info] > git status -z -uall [152ms]
2025-08-14 22:59:36.136 [info] > git merge-base refs/heads/master refs/remotes/origin/master [16ms]
2025-08-14 22:59:36.160 [info] > git diff --name-status -z --diff-filter=ADMR 3720505293a2291aa3a560722c9cb50e98539508...refs/remotes/origin/master [6ms]
2025-08-14 22:59:36.462 [info] > git show --textconv :.github/workflows/update.yml [23ms]
2025-08-14 22:59:36.466 [info] > git ls-files --stage -- .github/workflows/update.yml [12ms]
2025-08-14 22:59:36.476 [info] > git cat-file -s bba46c13f85b52efdf7806c8e557a9d17c7a019a [2ms]
2025-08-14 22:59:36.505 [info] > git blame --root --incremental 841a393505be16ed158efc672fc124471f728f46 -- .github/workflows/update.yml [6ms]
2025-08-14 23:04:21.805 [info] > git config --get commit.template [37ms]
2025-08-14 23:04:21.840 [info] > git ls-files --stage -- .github/workflows/update.yml [52ms]
2025-08-14 23:04:21.865 [info] > git for-each-ref --format=%(refname)%00%(upstream:short)%00%(objectname)%00%(upstream:track)%00%(upstream:remotename)%00%(upstream:remoteref) refs/heads/master refs/remotes/master [27ms]
2025-08-14 23:04:21.870 [info] > git cat-file -s bba46c13f85b52efdf7806c8e557a9d17c7a019a [10ms]
2025-08-14 23:04:22.022 [info] > git for-each-ref --sort -committerdate --format %(refname)%00%(objectname)%00%(*objectname) [23ms]
2025-08-14 23:04:22.179 [info] > git status -z -uall [284ms]
2025-08-14 23:04:22.236 [info] > git merge-base refs/heads/master refs/remotes/origin/master [11ms]
2025-08-14 23:04:22.334 [info] > git diff --name-status -z --diff-filter=ADMR 841a393505be16ed158efc672fc124471f728f46...refs/remotes/origin/master [61ms]
2025-08-14 23:04:22.399 [info] > git show --textconv :.github/workflows/update.yml [66ms]
2025-08-14 23:04:27.273 [info] > git config --get commit.template [2ms]
2025-08-14 23:04:27.290 [info] > git for-each-ref --format=%(refname)%00%(upstream:short)%00%(objectname)%00%(upstream:track)%00%(upstream:remotename)%00%(upstream:remoteref) refs/heads/master refs/remotes/master [6ms]
2025-08-14 23:04:27.359 [info] > git for-each-ref --sort -committerdate --format %(refname)%00%(objectname)%00%(*objectname) [8ms]
2025-08-14 23:04:27.418 [info] > git status -z -uall [120ms]
2025-08-14 23:09:34.368 [info] > git config --get commit.template [15ms]
2025-08-14 23:09:34.409 [info] > git for-each-ref --format=%(refname)%00%(upstream:short)%00%(objectname)%00%(upstream:track)%00%(upstream:remotename)%00%(upstream:remoteref) refs/heads/master refs/remotes/master [1ms]
2025-08-14 23:09:34.542 [info] > git for-each-ref --sort -committerdate --format %(refname)%00%(objectname)%00%(*objectname) [21ms]
2025-08-14 23:09:34.640 [info] > git status -z -uall [209ms]
2025-08-14 23:09:39.694 [info] > git config --get commit.template [6ms]
2025-08-14 23:09:39.726 [info] > git for-each-ref --format=%(refname)%00%(upstream:short)%00%(objectname)%00%(upstream:track)%00%(upstream:remotename)%00%(upstream:remoteref) refs/heads/master refs/remotes/master [3ms]
2025-08-14 23:09:39.779 [info] > git for-each-ref --sort -committerdate --format %(refname)%00%(objectname)%00%(*objectname) [16ms]
2025-08-14 23:09:39.898 [info] > git status -z -uall [152ms]
2025-08-14 23:09:50.705 [info] > git config --get commit.template [28ms]
2025-08-14 23:09:50.710 [info] > git for-each-ref --format=%(refname)%00%(upstream:short)%00%(objectname)%00%(upstream:track)%00%(upstream:remotename)%00%(upstream:remoteref) refs/heads/master refs/remotes/master [10ms]
2025-08-14 23:09:50.796 [info] > git for-each-ref --sort -committerdate --format %(refname)%00%(objectname)%00%(*objectname) [34ms]
2025-08-14 23:09:50.932 [info] > git status -z -uall [208ms]
2025-08-14 23:10:03.853 [info] > git config --get commit.template [1ms]
2025-08-14 23:10:03.880 [info] > git for-each-ref --format=%(refname)%00%(upstream:short)%00%(objectname)%00%(upstream:track)%00%(upstream:remotename)%00%(upstream:remoteref) refs/heads/master refs/remotes/master [5ms]
2025-08-14 23:10:03.917 [info] > git for-each-ref --sort -committerdate --format %(refname)%00%(objectname)%00%(*objectname) [7ms]
2025-08-14 23:10:04.093 [info] > git status -z -uall [195ms]
2025-08-14 23:10:09.127 [info] > git config --get commit.template [4ms]
2025-08-14 23:10:09.140 [info] > git for-each-ref --format=%(refname)%00%(upstream:short)%00%(objectname)%00%(upstream:track)%00%(upstream:remotename)%00%(upstream:remoteref) refs/heads/master refs/remotes/master [2ms]
2025-08-14 23:10:09.171 [info] > git for-each-ref --sort -committerdate --format %(refname)%00%(objectname)%00%(*objectname) [4ms]
2025-08-14 23:10:09.270 [info] > git status -z -uall [120ms]
2025-08-14 23:10:16.819 [info] > git config --get commit.template [14ms]
2025-08-14 23:10:16.821 [info] > git for-each-ref --format=%(refname)%00%(upstream:short)%00%(objectname)%00%(upstream:track)%00%(upstream:remotename)%00%(upstream:remoteref) refs/heads/master refs/remotes/master [3ms]
2025-08-14 23:10:16.868 [info] > git for-each-ref --sort -committerdate --format %(refname)%00%(objectname)%00%(*objectname) [21ms]
2025-08-14 23:10:16.919 [info] > git status -z -uall [91ms]
2025-08-14 23:11:46.826 [info] > git config --get commit.template [32ms]
2025-08-14 23:11:46.859 [info] > git ls-files --stage -- .github/workflows/update.yml [43ms]
2025-08-14 23:11:46.895 [info] > git for-each-ref --format=%(refname)%00%(upstream:short)%00%(objectname)%00%(upstream:track)%00%(upstream:remotename)%00%(upstream:remoteref) refs/heads/master refs/remotes/master [36ms]
2025-08-14 23:11:46.992 [info] > git cat-file -s 4921709b849ff42194d4ae0829cd1945c1b5a1ac [98ms]
2025-08-14 23:11:46.995 [info] > git for-each-ref --sort -committerdate --format %(refname)%00%(objectname)%00%(*objectname) [15ms]
2025-08-14 23:11:47.105 [info] > git status -z -uall [194ms]
2025-08-14 23:11:47.172 [info] > git show --textconv :.github/workflows/update.yml [89ms]
2025-08-14 23:11:47.174 [info] > git blame --root --incremental 42868cd7d02ac56824015a8af9c7685d935572fd -- .github/workflows/update.yml [43ms]
2025-08-14 23:11:47.186 [info] > git merge-base refs/heads/master refs/remotes/origin/master [21ms]
2025-08-14 23:11:47.206 [info] > git diff --name-status -z --diff-filter=ADMR 42868cd7d02ac56824015a8af9c7685d935572fd...refs/remotes/origin/master [6ms]
2025-08-14 23:11:52.220 [info] > git config --get commit.template [25ms]
2025-08-14 23:11:52.235 [info] > git for-each-ref --format=%(refname)%00%(upstream:short)%00%(objectname)%00%(upstream:track)%00%(upstream:remotename)%00%(upstream:remoteref) refs/heads/master refs/remotes/master [19ms]
2025-08-14 23:11:52.275 [info] > git for-each-ref --sort -committerdate --format %(refname)%00%(objectname)%00%(*objectname) [8ms]
2025-08-14 23:11:52.365 [info] > git status -z -uall [110ms]
2025-08-14 23:11:57.391 [info] > git config --get commit.template [4ms]
2025-08-14 23:11:57.403 [info] > git for-each-ref --format=%(refname)%00%(upstream:short)%00%(objectname)%00%(upstream:track)%00%(upstream:remotename)%00%(upstream:remoteref) refs/heads/master refs/remotes/master [3ms]
2025-08-14 23:11:57.454 [info] > git for-each-ref --sort -committerdate --format %(refname)%00%(objectname)%00%(*objectname) [10ms]
2025-08-14 23:11:57.497 [info] > git status -z -uall [86ms]
2025-08-14 23:12:59.162 [info] > git config --get commit.template [3ms]
2025-08-14 23:12:59.180 [info] > git for-each-ref --format=%(refname)%00%(upstream:short)%00%(objectname)%00%(upstream:track)%00%(upstream:remotename)%00%(upstream:remoteref) refs/heads/master refs/remotes/master [3ms]
2025-08-14 23:12:59.238 [info] > git for-each-ref --sort -committerdate --format %(refname)%00%(objectname)%00%(*objectname) [27ms]
2025-08-14 23:12:59.389 [info] > git status -z -uall [197ms]
2025-08-14 23:13:04.464 [info] > git for-each-ref --format=%(refname)%00%(upstream:short)%00%(objectname)%00%(upstream:track)%00%(upstream:remotename)%00%(upstream:remoteref) refs/heads/master refs/remotes/master [13ms]
2025-08-14 23:13:04.466 [info] > git config --get commit.template [34ms]
2025-08-14 23:13:04.515 [info] > git for-each-ref --sort -committerdate --format %(refname)%00%(objectname)%00%(*objectname) [18ms]
2025-08-14 23:13:04.583 [info] > git status -z -uall [102ms]
2025-08-14 23:13:10.149 [info] > git config --get commit.template [10ms]
2025-08-14 23:13:10.166 [info] > git for-each-ref --format=%(refname)%00%(upstream:short)%00%(objectname)%00%(upstream:track)%00%(upstream:remotename)%00%(upstream:remoteref) refs/heads/master refs/remotes/master [4ms]
2025-08-14 23:13:10.233 [info] > git for-each-ref --sort -committerdate --format %(refname)%00%(objectname)%00%(*objectname) [9ms]
2025-08-14 23:13:10.280 [info] > git status -z -uall [107ms]
2025-08-14 23:14:14.567 [info] > git config --get commit.template [5ms]
2025-08-14 23:14:14.593 [info] > git for-each-ref --format=%(refname)%00%(upstream:short)%00%(objectname)%00%(upstream:track)%00%(upstream:remotename)%00%(upstream:remoteref) refs/heads/master refs/remotes/master [9ms]
2025-08-14 23:14:14.710 [info] > git for-each-ref --sort -committerdate --format %(refname)%00%(objectname)%00%(*objectname) [75ms]
2025-08-14 23:14:14.736 [info] > git ls-files --stage -- .github/workflows/update.yml [34ms]
2025-08-14 23:14:14.764 [info] > git cat-file -s 49aefd411f2a203e3003587dd0d8eb8aa047acb2 [6ms]
2025-08-14 23:14:14.823 [info] > git status -z -uall [213ms]
2025-08-14 23:14:14.868 [info] > git show --textconv :.github/workflows/update.yml [52ms]
2025-08-14 23:14:14.868 [info] > git merge-base refs/heads/master refs/remotes/origin/master [8ms]
2025-08-14 23:14:14.881 [info] > git blame --root --incremental fd6045d114105286f566c81f72911c554ee143a6 -- .github/workflows/update.yml [39ms]
2025-08-14 23:14:14.898 [info] > git diff --name-status -z --diff-filter=ADMR fd6045d114105286f566c81f72911c554ee143a6...refs/remotes/origin/master [17ms]
2025-08-14 23:15:23.975 [info] > git config --get commit.template [20ms]
2025-08-14 23:15:23.987 [info] > git for-each-ref --format=%(refname)%00%(upstream:short)%00%(objectname)%00%(upstream:track)%00%(upstream:remotename)%00%(upstream:remoteref) refs/heads/master refs/remotes/master [13ms]
2025-08-14 23:15:24.025 [info] > git for-each-ref --sort -committerdate --format %(refname)%00%(objectname)%00%(*objectname) [5ms]
2025-08-14 23:15:24.167 [info] > git status -z -uall [157ms]
2025-08-14 23:15:29.237 [info] > git config --get commit.template [20ms]
2025-08-14 23:15:29.242 [info] > git for-each-ref --format=%(refname)%00%(upstream:short)%00%(objectname)%00%(upstream:track)%00%(upstream:remotename)%00%(upstream:remoteref) refs/heads/master refs/remotes/master [7ms]
2025-08-14 23:15:29.293 [info] > git for-each-ref --sort -committerdate --format %(refname)%00%(objectname)%00%(*objectname) [32ms]
2025-08-14 23:15:29.366 [info] > git status -z -uall [115ms]
2025-08-14 23:15:46.719 [info] > git config --get commit.template [7ms]
2025-08-14 23:15:46.752 [info] > git for-each-ref --format=%(refname)%00%(upstream:short)%00%(objectname)%00%(upstream:track)%00%(upstream:remotename)%00%(upstream:remoteref) refs/heads/master refs/remotes/master [12ms]
2025-08-14 23:15:46.855 [info] > git for-each-ref --sort -committerdate --format %(refname)%00%(objectname)%00%(*objectname) [37ms]
2025-08-14 23:15:46.953 [info] > git status -z -uall [176ms]
2025-08-14 23:15:51.979 [info] > git config --get commit.template [3ms]
2025-08-14 23:15:51.994 [info] > git for-each-ref --format=%(refname)%00%(upstream:short)%00%(objectname)%00%(upstream:track)%00%(upstream:remotename)%00%(upstream:remoteref) refs/heads/master refs/remotes/master [5ms]
2025-08-14 23:15:52.096 [info] > git for-each-ref --sort -committerdate --format %(refname)%00%(objectname)%00%(*objectname) [51ms]
2025-08-14 23:15:52.184 [info] > git status -z -uall [179ms]
2025-08-14 23:15:57.239 [info] > git config --get commit.template [14ms]
2025-08-14 23:15:57.268 [info] > git for-each-ref --format=%(refname)%00%(upstream:short)%00%(objectname)%00%(upstream:track)%00%(upstream:remotename)%00%(upstream:remoteref) refs/heads/master refs/remotes/master [10ms]
2025-08-14 23:15:57.308 [info] > git for-each-ref --sort -committerdate --format %(refname)%00%(objectname)%00%(*objectname) [4ms]
2025-08-14 23:15:57.395 [info] > git status -z -uall [109ms]
2025-08-14 23:16:02.437 [info] > git config --get commit.template [6ms]
2025-08-14 23:16:02.450 [info] > git for-each-ref --format=%(refname)%00%(upstream:short)%00%(objectname)%00%(upstream:track)%00%(upstream:remotename)%00%(upstream:remoteref) refs/heads/master refs/remotes/master [4ms]
2025-08-14 23:16:02.500 [info] > git for-each-ref --sort -committerdate --format %(refname)%00%(objectname)%00%(*objectname) [28ms]
2025-08-14 23:16:02.557 [info] > git status -z -uall [99ms]
2025-08-14 23:16:08.449 [info] > git config --get commit.template [24ms]
2025-08-14 23:16:08.454 [info] > git for-each-ref --format=%(refname)%00%(upstream:short)%00%(objectname)%00%(upstream:track)%00%(upstream:remotename)%00%(upstream:remoteref) refs/heads/master refs/remotes/master [8ms]
2025-08-14 23:16:08.516 [info] > git for-each-ref --sort -committerdate --format %(refname)%00%(objectname)%00%(*objectname) [33ms]
2025-08-14 23:16:08.570 [info] > git status -z -uall [99ms]
2025-08-14 23:16:43.042 [info] > git config --get commit.template [6ms]
2025-08-14 23:16:43.069 [info] > git for-each-ref --format=%(refname)%00%(upstream:short)%00%(objectname)%00%(upstream:track)%00%(upstream:remotename)%00%(upstream:remoteref) refs/heads/master refs/remotes/master [10ms]
2025-08-14 23:16:43.178 [info] > git for-each-ref --sort -committerdate --format %(refname)%00%(objectname)%00%(*objectname) [38ms]
2025-08-14 23:16:43.210 [info] > git ls-files --stage -- .github/workflows/update.yml [60ms]
2025-08-14 23:16:43.243 [info] > git cat-file -s 3761ed9fea299bf1830eed710faad33fb5f21aa9 [10ms]
2025-08-14 23:16:43.323 [info] > git status -z -uall [229ms]
2025-08-14 23:16:43.370 [info] > git show --textconv :.github/workflows/update.yml [63ms]
2025-08-14 23:16:43.375 [info] > git blame --root --incremental cd247703c5d485d2ba6de42079b59f71c594a24a -- .github/workflows/update.yml [31ms]
2025-08-14 23:16:43.381 [info] > git merge-base refs/heads/master refs/remotes/origin/master [18ms]
2025-08-14 23:16:43.406 [info] > git diff --name-status -z --diff-filter=ADMR fd6045d114105286f566c81f72911c554ee143a6...refs/remotes/origin/master [8ms]
2025-08-14 23:17:25.810 [info] > git config --get commit.template [27ms]
2025-08-14 23:17:25.811 [info] > git for-each-ref --format=%(refname)%00%(upstream:short)%00%(objectname)%00%(upstream:track)%00%(upstream:remotename)%00%(upstream:remoteref) refs/heads/master refs/remotes/master [5ms]
2025-08-14 23:17:25.923 [info] > git for-each-ref --sort -committerdate --format %(refname)%00%(objectname)%00%(*objectname) [15ms]
2025-08-14 23:17:25.999 [info] > git ls-files --stage -- .github/workflows/update.yml [33ms]
2025-08-14 23:17:26.022 [info] > git cat-file -s 3761ed9fea299bf1830eed710faad33fb5f21aa9 [7ms]
2025-08-14 23:17:26.081 [info] > git status -z -uall [242ms]
2025-08-14 23:17:26.124 [info] > git show --textconv :.github/workflows/update.yml [44ms]
2025-08-14 23:17:26.126 [info] > git merge-base refs/heads/master refs/remotes/origin/master [9ms]
2025-08-14 23:17:26.159 [info] > git diff --name-status -z --diff-filter=ADMR cd247703c5d485d2ba6de42079b59f71c594a24a...refs/remotes/origin/master [16ms]
2025-08-14 23:20:53.965 [info] > git config --get commit.template [26ms]
2025-08-14 23:20:53.968 [info] > git for-each-ref --format=%(refname)%00%(upstream:short)%00%(objectname)%00%(upstream:track)%00%(upstream:remotename)%00%(upstream:remoteref) refs/heads/master refs/remotes/master [11ms]
2025-08-14 23:20:54.031 [info] > git for-each-ref --sort -committerdate --format %(refname)%00%(objectname)%00%(*objectname) [15ms]
2025-08-14 23:20:54.227 [info] > git status -z -uall [235ms]
2025-08-14 23:21:34.979 [info] > git show --textconv :index.html [46ms]
2025-08-14 23:21:35.008 [info] > git ls-files --stage -- index.html [35ms]
2025-08-14 23:21:35.046 [info] > git cat-file -s b2f0b98c23781386bb444087a8e7a410236507f4 [15ms]
2025-08-14 23:21:35.172 [info] > git blame --root --incremental cd247703c5d485d2ba6de42079b59f71c594a24a -- index.html [30ms]
2025-08-14 23:21:50.918 [info] > git config --get commit.template [8ms]
2025-08-14 23:21:50.942 [info] > git for-each-ref --format=%(refname)%00%(upstream:short)%00%(objectname)%00%(upstream:track)%00%(upstream:remotename)%00%(upstream:remoteref) refs/heads/master refs/remotes/master [5ms]
2025-08-14 23:21:51.062 [info] > git for-each-ref --sort -committerdate --format %(refname)%00%(objectname)%00%(*objectname) [37ms]
2025-08-14 23:21:51.163 [info] > git status -z -uall [174ms]
2025-08-14 23:21:56.232 [info] > git config --get commit.template [27ms]
2025-08-14 23:21:56.238 [info] > git for-each-ref --format=%(refname)%00%(upstream:short)%00%(objectname)%00%(upstream:track)%00%(upstream:remotename)%00%(upstream:remoteref) refs/heads/master refs/remotes/master [11ms]
2025-08-14 23:21:56.301 [info] > git for-each-ref --sort -committerdate --format %(refname)%00%(objectname)%00%(*objectname) [16ms]
2025-08-14 23:21:56.358 [info] > git status -z -uall [107ms]
2025-08-14 23:22:01.377 [info] > git config --get commit.template [1ms]
2025-08-14 23:22:01.387 [info] > git for-each-ref --format=%(refname)%00%(upstream:short)%00%(objectname)%00%(upstream:track)%00%(upstream:remotename)%00%(upstream:remoteref) refs/heads/master refs/remotes/master [2ms]
2025-08-14 23:22:01.421 [info] > git for-each-ref --sort -committerdate --format %(refname)%00%(objectname)%00%(*objectname) [4ms]
2025-08-14 23:22:01.511 [info] > git status -z -uall [115ms]
2025-08-14 23:22:06.535 [info] > git config --get commit.template [4ms]
2025-08-14 23:22:06.547 [info] > git for-each-ref --format=%(refname)%00%(upstream:short)%00%(objectname)%00%(upstream:track)%00%(upstream:remotename)%00%(upstream:remoteref) refs/heads/master refs/remotes/master [4ms]
2025-08-14 23:22:06.589 [info] > git for-each-ref --sort -committerdate --format %(refname)%00%(objectname)%00%(*objectname) [17ms]
2025-08-14 23:22:06.644 [info] > git status -z -uall [90ms]
2025-08-14 23:22:11.712 [info] > git config --get commit.template [25ms]
2025-08-14 23:22:11.717 [info] > git for-each-ref --format=%(refname)%00%(upstream:short)%00%(objectname)%00%(upstream:track)%00%(upstream:remotename)%00%(upstream:remoteref) refs/heads/master refs/remotes/master [7ms]
2025-08-14 23:22:11.776 [info] > git for-each-ref --sort -committerdate --format %(refname)%00%(objectname)%00%(*objectname) [5ms]
2025-08-14 23:22:11.828 [info] > git status -z -uall [99ms]
2025-08-14 23:22:17.330 [info] > git config --get commit.template [8ms]
2025-08-14 23:22:17.353 [info] > git for-each-ref --format=%(refname)%00%(upstream:short)%00%(objectname)%00%(upstream:track)%00%(upstream:remotename)%00%(upstream:remoteref) refs/heads/master refs/remotes/master [7ms]
2025-08-14 23:22:17.417 [info] > git for-each-ref --sort -committerdate --format %(refname)%00%(objectname)%00%(*objectname) [34ms]
2025-08-14 23:22:17.464 [info] > git status -z -uall [96ms]
2025-08-14 23:22:22.519 [info] > git config --get commit.template [24ms]
2025-08-14 23:22:22.526 [info] > git for-each-ref --format=%(refname)%00%(upstream:short)%00%(objectname)%00%(upstream:track)%00%(upstream:remotename)%00%(upstream:remoteref) refs/heads/master refs/remotes/master [9ms]
2025-08-14 23:22:22.597 [info] > git for-each-ref --sort -committerdate --format %(refname)%00%(objectname)%00%(*objectname) [7ms]
2025-08-14 23:22:22.647 [info] > git status -z -uall [101ms]
2025-08-14 23:22:32.621 [info] > git config --get commit.template [2ms]
2025-08-14 23:22:32.670 [info] > git for-each-ref --format=%(refname)%00%(upstream:short)%00%(objectname)%00%(upstream:track)%00%(upstream:remotename)%00%(upstream:remoteref) refs/heads/master refs/remotes/master [9ms]
2025-08-14 23:22:32.750 [info] > git for-each-ref --sort -committerdate --format %(refname)%00%(objectname)%00%(*objectname) [17ms]
2025-08-14 23:22:32.824 [info] > git status -z -uall [139ms]
2025-08-14 23:22:37.851 [info] > git config --get commit.template [9ms]
2025-08-14 23:22:37.853 [info] > git for-each-ref --format=%(refname)%00%(upstream:short)%00%(objectname)%00%(upstream:track)%00%(upstream:remotename)%00%(upstream:remoteref) refs/heads/master refs/remotes/master [3ms]
2025-08-14 23:22:37.885 [info] > git for-each-ref --sort -committerdate --format %(refname)%00%(objectname)%00%(*objectname) [16ms]
2025-08-14 23:22:37.970 [info] > git status -z -uall [109ms]
2025-08-14 23:22:43.039 [info] > git config --get commit.template [7ms]
2025-08-14 23:22:43.055 [info] > git for-each-ref --format=%(refname)%00%(upstream:short)%00%(objectname)%00%(upstream:track)%00%(upstream:remotename)%00%(upstream:remoteref) refs/heads/master refs/remotes/master [5ms]
2025-08-14 23:22:43.108 [info] > git for-each-ref --sort -committerdate --format %(refname)%00%(objectname)%00%(*objectname) [7ms]
2025-08-14 23:22:43.179 [info] > git status -z -uall [114ms]
2025-08-14 23:22:53.115 [info] > git config --get commit.template [5ms]
2025-08-14 23:22:53.131 [info] > git for-each-ref --format=%(refname)%00%(upstream:short)%00%(objectname)%00%(upstream:track)%00%(upstream:remotename)%00%(upstream:remoteref) refs/heads/master refs/remotes/master [4ms]
2025-08-14 23:22:53.180 [info] > git for-each-ref --sort -committerdate --format %(refname)%00%(objectname)%00%(*objectname) [19ms]
2025-08-14 23:22:53.293 [info] > git status -z -uall [150ms]
2025-08-14 23:22:58.318 [info] > git config --get commit.template [3ms]
2025-08-14 23:22:58.330 [info] > git for-each-ref --format=%(refname)%00%(upstream:short)%00%(objectname)%00%(upstream:track)%00%(upstream:remotename)%00%(upstream:remoteref) refs/heads/master refs/remotes/master [4ms]
2025-08-14 23:22:58.355 [info] > git for-each-ref --sort -committerdate --format %(refname)%00%(objectname)%00%(*objectname) [8ms]
2025-08-14 23:22:58.470 [info] > git status -z -uall [132ms]
2025-08-14 23:23:05.348 [info] > git config --get commit.template [26ms]
2025-08-14 23:23:05.356 [info] > git for-each-ref --format=%(refname)%00%(upstream:short)%00%(objectname)%00%(upstream:track)%00%(upstream:remotename)%00%(upstream:remoteref) refs/heads/master refs/remotes/master [9ms]
2025-08-14 23:23:05.456 [info] > git for-each-ref --sort -committerdate --format %(refname)%00%(objectname)%00%(*objectname) [20ms]
2025-08-14 23:23:15.988 [info] [main] Log level: Info
2025-08-14 23:23:15.988 [info] [main] Validating found git in: "git"
2025-08-14 23:23:15.988 [info] [main] Using git "2.39.5" from "git"
2025-08-14 23:23:15.988 [info] [Model][doInitialScan] Initial repository scan started
2025-08-14 23:23:15.988 [info] > git rev-parse --show-toplevel [84ms]
2025-08-14 23:23:15.988 [info] > git rev-parse --show-toplevel [13ms]
2025-08-14 23:23:15.988 [info] [Model][doInitialScan] Initial repository scan completed - repositories (0), closed repositories (0), parent repositories (1), unsafe repositories (0)
2025-08-14 23:23:18.121 [info] > git rev-parse --show-toplevel [6ms]
2025-08-14 23:23:18.546 [info] > git rev-parse --show-toplevel [7ms]
2025-08-14 23:23:19.796 [info] > git rev-parse --show-toplevel [15ms]
2025-08-14 23:23:20.138 [info] > git rev-parse --show-toplevel [8ms]
2025-08-14 23:23:20.394 [info] > git rev-parse --show-toplevel [7ms]
2025-08-14 23:26:35.112 [info] > git rev-parse --show-toplevel [9ms]
2025-08-15 15:45:41.988 [info] [main] Log level: Info
2025-08-15 15:45:41.988 [info] [main] Validating found git in: "git"
2025-08-15 15:45:41.988 [info] [main] Using git "2.39.5" from "git"
2025-08-15 15:45:41.988 [info] [Model][doInitialScan] Initial repository scan started
2025-08-15 15:45:41.988 [info] > git rev-parse --show-toplevel [60ms]
2025-08-15 15:45:42.001 [info] > git rev-parse --git-dir --git-common-dir --show-superproject-working-tree [23ms]
2025-08-15 15:45:42.082 [info] [Model][openRepository] Opened repository (path): /home/renebraxhoofden
2025-08-15 15:45:42.082 [info] [Model][openRepository] Opened repository (real path): /home/renebraxhoofden
2025-08-15 15:45:42.082 [info] [Model][openRepository] Opened repository (kind): repository
2025-08-15 15:45:42.374 [info] > git config --get commit.template [247ms]
2025-08-15 15:45:42.449 [info] > git rev-parse --show-toplevel [93ms]
2025-08-15 15:45:42.503 [info] > git for-each-ref --format=%(refname)%00%(upstream:short)%00%(objectname)%00%(upstream:track)%00%(upstream:remotename)%00%(upstream:remoteref) refs/heads/master refs/remotes/master [20ms]
2025-08-15 15:45:42.512 [info] > git rev-parse --show-toplevel [14ms]
2025-08-15 15:45:42.642 [info] > git rev-parse --show-toplevel [108ms]
2025-08-15 15:45:42.678 [info] > git for-each-ref --sort -committerdate --format %(refname)%00%(objectname)%00%(*objectname) [52ms]
2025-08-15 15:45:42.726 [info] > git rev-parse --show-toplevel [53ms]
2025-08-15 15:45:42.835 [info] > git rev-parse --show-toplevel [12ms]
2025-08-15 15:45:42.899 [info] > git rev-parse --show-toplevel [17ms]
2025-08-15 15:45:42.995 [info] > git rev-parse --show-toplevel [61ms]
2025-08-15 15:45:43.167 [info] > git rev-parse --show-toplevel [51ms]
2025-08-15 15:45:43.188 [info] [Model][doInitialScan] Initial repository scan completed - repositories (1), closed repositories (0), parent repositories (0), unsafe repositories (0)
2025-08-15 15:45:43.198 [info] > git check-ignore -v -z --stdin [221ms]
2025-08-15 15:45:43.234 [info] > git status -z -uall [662ms]
2025-08-15 15:45:43.605 [info] > git for-each-ref --format=%(refname)%00%(upstream:short)%00%(objectname)%00%(upstream:track)%00%(upstream:remotename)%00%(upstream:remoteref) refs/heads/master refs/remotes/master [212ms]
2025-08-15 15:45:43.845 [info] > git config --get --local branch.master.vscode-merge-base [198ms]
2025-08-15 15:45:43.845 [warning] [Git][config] git config failed: Failed to execute git
2025-08-15 15:45:43.863 [info] > git config --get commit.template [258ms]
2025-08-15 15:45:43.906 [info] > git reflog master --grep-reflog=branch: Created from *. [45ms]
2025-08-15 15:45:43.981 [info] > git symbolic-ref --short refs/remotes/origin/HEAD [47ms]
2025-08-15 15:45:43.981 [info] fatal: ref refs/remotes/origin/HEAD is not a symbolic ref
2025-08-15 15:45:43.985 [warning] [Repository][getDefaultBranch] Failed to get default branch details: Failed to execute git.
2025-08-15 15:45:44.014 [info] > git for-each-ref --format=%(refname)%00%(upstream:short)%00%(objectname)%00%(upstream:track)%00%(upstream:remotename)%00%(upstream:remoteref) refs/heads/master refs/remotes/master [43ms]
2025-08-15 15:45:44.028 [info] > git merge-base refs/heads/master refs/remotes/origin/master [24ms]
2025-08-15 15:45:44.118 [info] > git diff --name-status -z --diff-filter=ADMR 3785842ad903ae4f990d0a5c89930e07758d9933...refs/remotes/origin/master [72ms]
2025-08-15 15:45:44.384 [info] > git for-each-ref --sort -committerdate --format %(refname)%00%(objectname)%00%(*objectname) [59ms]
2025-08-15 15:45:44.552 [info] > git check-ignore -v -z --stdin [124ms]
2025-08-15 15:45:44.619 [info] > git status -z -uall [330ms]
2025-08-15 15:45:44.619 [info] > git show --textconv :index.html [33ms]
2025-08-15 15:45:44.670 [info] > git ls-files --stage -- index.html [56ms]
2025-08-15 15:45:44.709 [info] > git cat-file -s b2f0b98c23781386bb444087a8e7a410236507f4 [11ms]
2025-08-15 15:45:45.550 [info] > git blame --root --incremental 3785842ad903ae4f990d0a5c89930e07758d9933 -- index.html [26ms]
2025-08-15 15:45:46.879 [info] > git check-ignore -v -z --stdin [16ms]
2025-08-15 15:45:50.959 [info] > git check-ignore -v -z --stdin [17ms]
2025-08-15 15:45:51.693 [info] > git config --get commit.template [1ms]
2025-08-15 15:45:51.706 [info] > git for-each-ref --format=%(refname)%00%(upstream:short)%00%(objectname)%00%(upstream:track)%00%(upstream:remotename)%00%(upstream:remoteref) refs/heads/master refs/remotes/master [2ms]
2025-08-15 15:45:51.787 [info] > git for-each-ref --sort -committerdate --format %(refname)%00%(objectname)%00%(*objectname) [61ms]
2025-08-15 15:45:51.874 [info] > git status -z -uall [157ms]
2025-08-15 15:46:03.195 [info] > git config --get commit.template [8ms]
2025-08-15 15:46:03.196 [info] > git for-each-ref --format=%(refname)%00%(upstream:short)%00%(objectname)%00%(upstream:track)%00%(upstream:remotename)%00%(upstream:remoteref) refs/heads/master refs/remotes/master [3ms]
2025-08-15 15:46:03.221 [info] > git for-each-ref --sort -committerdate --format %(refname)%00%(objectname)%00%(*objectname) [11ms]
2025-08-15 15:46:03.301 [info] > git status -z -uall [98ms]
2025-08-15 15:46:08.364 [info] > git config --get commit.template [16ms]
2025-08-15 15:46:08.367 [info] > git for-each-ref --format=%(refname)%00%(upstream:short)%00%(objectname)%00%(upstream:track)%00%(upstream:remotename)%00%(upstream:remoteref) refs/heads/master refs/remotes/master [5ms]
2025-08-15 15:46:08.394 [info] > git for-each-ref --sort -committerdate --format %(refname)%00%(objectname)%00%(*objectname) [6ms]
2025-08-15 15:46:08.483 [info] > git status -z -uall [106ms]
2025-08-15 15:46:13.605 [info] > git config --get commit.template [5ms]
2025-08-15 15:46:13.624 [info] > git for-each-ref --format=%(refname)%00%(upstream:short)%00%(objectname)%00%(upstream:track)%00%(upstream:remotename)%00%(upstream:remoteref) refs/heads/master refs/remotes/master [10ms]
2025-08-15 15:46:13.740 [info] > git for-each-ref --sort -committerdate --format %(refname)%00%(objectname)%00%(*objectname) [70ms]
2025-08-15 15:46:13.861 [info] > git status -z -uall [215ms]
2025-08-15 15:46:29.359 [info] > git config --get commit.template [4ms]
2025-08-15 15:46:29.374 [info] > git for-each-ref --format=%(refname)%00%(upstream:short)%00%(objectname)%00%(upstream:track)%00%(upstream:remotename)%00%(upstream:remoteref) refs/heads/master refs/remotes/master [5ms]
2025-08-15 15:46:29.456 [info] > git for-each-ref --sort -committerdate --format %(refname)%00%(objectname)%00%(*objectname) [8ms]
2025-08-15 15:46:29.636 [info] > git status -z -uall [228ms]
2025-08-15 15:46:34.690 [info] > git config --get commit.template [5ms]
2025-08-15 15:46:34.706 [info] > git for-each-ref --format=%(refname)%00%(upstream:short)%00%(objectname)%00%(upstream:track)%00%(upstream:remotename)%00%(upstream:remoteref) refs/heads/master refs/remotes/master [5ms]
2025-08-15 15:46:34.750 [info] > git for-each-ref --sort -committerdate --format %(refname)%00%(objectname)%00%(*objectname) [2ms]
2025-08-15 15:46:34.875 [info] > git status -z -uall [153ms]
2025-08-15 15:46:42.735 [info] > git config --get commit.template [6ms]
2025-08-15 15:46:42.791 [info] > git for-each-ref --format=%(refname)%00%(upstream:short)%00%(objectname)%00%(upstream:track)%00%(upstream:remotename)%00%(upstream:remoteref) refs/heads/master refs/remotes/master [40ms]
2025-08-15 15:46:42.920 [info] > git for-each-ref --sort -committerdate --format %(refname)%00%(objectname)%00%(*objectname) [68ms]
2025-08-15 15:46:43.033 [info] > git status -z -uall [225ms]
2025-08-15 15:46:57.721 [info] [main] Log level: Info
2025-08-15 15:46:57.721 [info] [main] Validating found git in: "git"
2025-08-15 15:46:57.721 [info] [main] Using git "2.39.5" from "git"
2025-08-15 15:46:57.721 [info] [Model][doInitialScan] Initial repository scan started
2025-08-15 15:46:57.721 [info] > git rev-parse --show-toplevel [35ms]
2025-08-15 15:46:57.721 [info] > git rev-parse --show-toplevel [28ms]
2025-08-15 15:46:57.721 [info] [Model][doInitialScan] Initial repository scan completed - repositories (0), closed repositories (0), parent repositories (1), unsafe repositories (0)
2025-08-15 15:47:01.273 [info] > git rev-parse --show-toplevel [15ms]
2025-08-15 15:47:01.714 [info] > git rev-parse --show-toplevel [32ms]
2025-08-15 15:47:02.827 [info] > git rev-parse --show-toplevel [39ms]
2025-08-15 15:47:03.470 [info] > git rev-parse --show-toplevel [8ms]
2025-08-15 15:47:03.977 [info] > git rev-parse --show-toplevel [9ms]
2025-08-15 15:49:54.402 [info] > git rev-parse --show-toplevel [4ms]
2025-08-15 15:50:04.486 [info] > git rev-parse --show-toplevel [33ms]
2025-08-15 15:50:06.720 [info] > git rev-parse --show-toplevel [11ms]
2025-08-15 15:50:08.722 [info] > git rev-parse --show-toplevel [20ms]
2025-08-15 16:54:48.015 [warning] [Model][getRepositoryExact] Failed to get repository realpath for: "/home/renebraxhoofden/glutenvrij-website". Error:Error: ENOENT: no such file or directory, realpath '/home/renebraxhoofden/glutenvrij-website'
2025-08-15 16:55:04.663 [info] [main] Log level: Info
2025-08-15 16:55:04.663 [info] [main] Validating found git in: "git"
2025-08-15 16:55:04.663 [info] [main] Using git "2.39.5" from "git"
2025-08-15 16:55:04.663 [info] [Model][doInitialScan] Initial repository scan started
2025-08-15 16:55:04.663 [info] > git rev-parse --show-toplevel [155ms]
2025-08-15 16:55:04.669 [info] > git rev-parse --show-toplevel [9ms]
2025-08-15 16:55:04.683 [info] [Model][doInitialScan] Initial repository scan completed - repositories (0), closed repositories (0), parent repositories (1), unsafe repositories (0)
2025-08-15 16:55:05.792 [info] > git rev-parse --show-toplevel [13ms]
2025-08-15 16:55:06.021 [info] > git rev-parse --show-toplevel [6ms]
2025-08-15 16:55:07.446 [info] > git rev-parse --show-toplevel [30ms]
2025-08-15 16:55:07.952 [info] > git rev-parse --show-toplevel [10ms]
2025-08-15 16:55:08.125 [info] > git rev-parse --show-toplevel [5ms]
2025-08-17 15:29:15.277 [info] > git rev-parse --show-toplevel [10ms]
2025-08-17 15:29:16.654 [info] > git rev-parse --show-toplevel [12ms]
2025-08-17 15:30:06.344 [info] > git rev-parse --show-toplevel [4ms]
2025-08-17 15:30:49.180 [info] > git rev-parse --show-toplevel [56ms]
2025-08-17 15:31:01.446 [info] > git rev-parse --show-toplevel [233ms]
