2025-08-14 22:11:09.404 [info] Extension host with pid 7042 started
2025-08-14 22:11:09.404 [info] Skipping acquiring lock for /home/renebraxhoofden/.config/Code/User/workspaceStorage/bced222ab365f7a5deb7bde1642173f7.
2025-08-14 22:11:10.778 [info] ExtensionService#_doActivateExtension vscode.github-authentication, startup: false, activationEvent: 'onAuthenticationRequest:github'
2025-08-14 22:11:11.117 [info] ExtensionService#_doActivateExtension vscode.emmet, startup: false, activationEvent: 'onLanguage'
2025-08-14 22:11:11.439 [info] ExtensionService#_doActivateExtension vscode.html-language-features, startup: false, activationEvent: 'onLanguage:html'
2025-08-14 22:11:12.978 [info] ExtensionService#_doActivateExtension vscode.git-base, startup: true, activationEvent: '*', root cause: vscode.git
2025-08-14 22:11:14.725 [info] ExtensionService#_doActivateExtension vscode.git, startup: true, activationEvent: '*'
2025-08-14 22:11:15.669 [info] ExtensionService#_doActivateExtension vscode.github, startup: true, activationEvent: '*'
2025-08-14 22:11:16.958 [info] Eager extensions activated
2025-08-14 22:11:17.132 [info] ExtensionService#_doActivateExtension vscode.debug-auto-launch, startup: false, activationEvent: 'onStartupFinished'
2025-08-14 22:11:17.169 [info] ExtensionService#_doActivateExtension vscode.merge-conflict, startup: false, activationEvent: 'onStartupFinished'
2025-08-14 22:11:25.756 [info] ExtensionService#_doActivateExtension ms-python.python, startup: false, activationEvent: 'onLanguage:python', root cause: ms-python.debugpy
2025-08-14 22:11:26.282 [info] ExtensionService#_doActivateExtension ms-python.vscode-pylance, startup: false, activationEvent: 'onLanguage:python'
2025-08-14 22:11:28.068 [info] ExtensionService#_doActivateExtension ms-python.vscode-python-envs, startup: false, activationEvent: 'onLanguage:python'
2025-08-14 22:11:29.596 [info] ExtensionService#_doActivateExtension ms-python.debugpy, startup: false, activationEvent: 'onLanguage:python'
2025-08-14 22:11:33.400 [info] ExtensionService#_doActivateExtension vscode.terminal-suggest, startup: false, activationEvent: 'onTerminalShellIntegration:*'
2025-08-14 22:16:38.433 [info] Extension host terminating: renderer closed the MessagePort
2025-08-14 22:16:38.636 [error] TypeError: Cannot read properties of undefined (reading 'subscriptions')
	at Object.K [as deactivate] (/home/renebraxhoofden/.vscode/extensions/ms-python.vscode-python-envs-1.2.0-linux-x64/dist/extension.js:2:618887)
	at LZ.eb (file:///usr/share/code/resources/app/out/vs/workbench/api/node/extensionHostProcess.js:116:11836)
	at file:///usr/share/code/resources/app/out/vs/workbench/api/node/extensionHostProcess.js:116:9986
	at Array.map (<anonymous>)
	at LZ.$ (file:///usr/share/code/resources/app/out/vs/workbench/api/node/extensionHostProcess.js:116:9974)
	at LZ.terminate (file:///usr/share/code/resources/app/out/vs/workbench/api/node/extensionHostProcess.js:116:10217)
	at E3.terminate (file:///usr/share/code/resources/app/out/vs/workbench/api/node/extensionHostProcess.js:118:914)
	at ws (file:///usr/share/code/resources/app/out/vs/workbench/api/node/extensionHostProcess.js:388:10154)
	at MessagePortMain.<anonymous> (file:///usr/share/code/resources/app/out/vs/workbench/api/node/extensionHostProcess.js:388:6693)
	at MessagePortMain.emit (node:events:518:28)
	at MessagePortMain._internalPort.emit (node:electron/js2c/utility_init:2:2949)
2025-08-14 22:16:38.649 [info] Extension host with pid 7042 exiting with code 0
2025-08-14 22:16:44.712 [info] Extension host with pid 7346 started
2025-08-14 22:16:44.712 [info] Skipping acquiring lock for /home/renebraxhoofden/.config/Code/User/workspaceStorage/96aca38bacd9fbefd2c948be68ef166a.
2025-08-14 22:16:46.217 [info] ExtensionService#_doActivateExtension vscode.github-authentication, startup: false, activationEvent: 'onAuthenticationRequest:github'
2025-08-14 22:16:46.373 [info] ExtensionService#_doActivateExtension vscode.emmet, startup: false, activationEvent: 'onLanguage'
2025-08-14 22:16:46.426 [info] ExtensionService#_doActivateExtension ms-python.python, startup: false, activationEvent: 'onLanguage:python', root cause: ms-python.debugpy
2025-08-14 22:16:47.773 [info] ExtensionService#_doActivateExtension ms-python.vscode-pylance, startup: false, activationEvent: 'onLanguage:python'
2025-08-14 22:16:49.846 [info] ExtensionService#_doActivateExtension ms-python.vscode-python-envs, startup: false, activationEvent: 'onLanguage:python'
2025-08-14 22:16:49.978 [info] ExtensionService#_doActivateExtension vscode.git-base, startup: true, activationEvent: '*', root cause: vscode.git
2025-08-14 22:16:50.694 [info] ExtensionService#_doActivateExtension vscode.terminal-suggest, startup: false, activationEvent: 'onTerminalShellIntegration:*'
2025-08-14 22:16:51.239 [info] ExtensionService#_doActivateExtension vscode.git, startup: true, activationEvent: '*'
2025-08-14 22:16:51.472 [info] ExtensionService#_doActivateExtension vscode.github, startup: true, activationEvent: '*'
2025-08-14 22:16:52.302 [info] ExtensionService#_doActivateExtension ms-python.debugpy, startup: false, activationEvent: 'onLanguage:python'
2025-08-14 22:16:53.080 [info] Eager extensions activated
2025-08-14 22:16:53.332 [info] ExtensionService#_doActivateExtension vscode.debug-auto-launch, startup: false, activationEvent: 'onStartupFinished'
2025-08-14 22:16:53.338 [info] ExtensionService#_doActivateExtension vscode.merge-conflict, startup: false, activationEvent: 'onStartupFinished'
2025-08-14 22:16:54.697 [warning] [Decorations] CAPPING events from decorations provider vscode.git 1920
2025-08-14 22:16:57.710 [warning] [Decorations] CAPPING events from decorations provider vscode.git 1920
2025-08-14 22:17:00.850 [warning] [Decorations] CAPPING events from decorations provider vscode.git 1920
2025-08-14 22:17:35.952 [warning] [Decorations] CAPPING events from decorations provider vscode.git 1928
2025-08-14 22:17:41.304 [warning] [Decorations] CAPPING events from decorations provider vscode.git 1929
2025-08-14 22:17:46.547 [warning] [Decorations] CAPPING events from decorations provider vscode.git 1929
2025-08-14 22:17:51.755 [warning] [Decorations] CAPPING events from decorations provider vscode.git 1930
2025-08-14 22:18:16.228 [warning] [Decorations] CAPPING events from decorations provider vscode.git 1929
2025-08-14 22:18:21.489 [warning] [Decorations] CAPPING events from decorations provider vscode.git 1930
2025-08-14 22:18:26.755 [warning] [Decorations] CAPPING events from decorations provider vscode.git 1930
2025-08-14 22:18:31.970 [warning] [Decorations] CAPPING events from decorations provider vscode.git 1930
2025-08-14 22:18:37.170 [warning] [Decorations] CAPPING events from decorations provider vscode.git 1930
2025-08-14 22:18:42.480 [warning] [Decorations] CAPPING events from decorations provider vscode.git 1930
2025-08-14 22:18:47.662 [warning] [Decorations] CAPPING events from decorations provider vscode.git 1930
2025-08-14 22:18:52.874 [warning] [Decorations] CAPPING events from decorations provider vscode.git 1930
2025-08-14 22:18:58.171 [warning] [Decorations] CAPPING events from decorations provider vscode.git 1930
2025-08-14 22:19:03.464 [warning] [Decorations] CAPPING events from decorations provider vscode.git 1930
2025-08-14 22:19:08.643 [warning] [Decorations] CAPPING events from decorations provider vscode.git 1930
2025-08-14 22:19:13.833 [warning] [Decorations] CAPPING events from decorations provider vscode.git 1930
2025-08-14 22:19:19.093 [warning] [Decorations] CAPPING events from decorations provider vscode.git 1930
2025-08-14 22:19:24.284 [warning] [Decorations] CAPPING events from decorations provider vscode.git 1930
2025-08-14 22:19:29.661 [warning] [Decorations] CAPPING events from decorations provider vscode.git 1930
2025-08-14 22:19:35.280 [warning] [Decorations] CAPPING events from decorations provider vscode.git 1930
2025-08-14 22:19:40.493 [warning] [Decorations] CAPPING events from decorations provider vscode.git 1930
2025-08-14 22:19:57.006 [warning] [Decorations] CAPPING events from decorations provider vscode.git 1930
2025-08-14 22:20:02.205 [warning] [Decorations] CAPPING events from decorations provider vscode.git 1930
2025-08-14 22:20:07.492 [warning] [Decorations] CAPPING events from decorations provider vscode.git 1930
2025-08-14 22:20:12.666 [warning] [Decorations] CAPPING events from decorations provider vscode.git 1930
2025-08-14 22:20:29.727 [warning] [Decorations] CAPPING events from decorations provider vscode.git 1930
2025-08-14 22:20:34.959 [warning] [Decorations] CAPPING events from decorations provider vscode.git 1930
2025-08-14 22:20:40.581 [warning] [Decorations] CAPPING events from decorations provider vscode.git 1931
2025-08-14 22:20:46.210 [warning] [Decorations] CAPPING events from decorations provider vscode.git 1932
2025-08-14 22:22:48.233 [warning] [Decorations] CAPPING events from decorations provider vscode.git 1931
2025-08-14 22:22:53.629 [warning] [Decorations] CAPPING events from decorations provider vscode.git 1932
2025-08-14 22:22:58.879 [warning] [Decorations] CAPPING events from decorations provider vscode.git 1934
2025-08-14 22:23:04.076 [warning] [Decorations] CAPPING events from decorations provider vscode.git 1933
2025-08-14 22:23:09.274 [warning] [Decorations] CAPPING events from decorations provider vscode.git 1933
2025-08-14 22:23:14.479 [warning] [Decorations] CAPPING events from decorations provider vscode.git 1933
2025-08-14 22:23:19.751 [warning] [Decorations] CAPPING events from decorations provider vscode.git 1933
2025-08-14 22:23:31.560 [warning] [Decorations] CAPPING events from decorations provider vscode.git 1933
2025-08-14 22:23:36.775 [warning] [Decorations] CAPPING events from decorations provider vscode.git 1933
2025-08-14 22:23:41.961 [warning] [Decorations] CAPPING events from decorations provider vscode.git 1934
2025-08-14 22:24:03.302 [warning] [Decorations] CAPPING events from decorations provider vscode.git 1935
2025-08-14 22:47:18.928 [warning] [Decorations] CAPPING events from decorations provider vscode.git 1936
2025-08-14 23:21:33.454 [info] ExtensionService#_doActivateExtension vscode.html-language-features, startup: false, activationEvent: 'onLanguage:html'
2025-08-14 23:23:05.465 [info] Extension host terminating: renderer closed the MessagePort
2025-08-14 23:23:05.761 [error] TypeError: Cannot read properties of undefined (reading 'subscriptions')
	at Object.K [as deactivate] (/home/renebraxhoofden/.vscode/extensions/ms-python.vscode-python-envs-1.2.0-linux-x64/dist/extension.js:2:618887)
	at LZ.eb (file:///usr/share/code/resources/app/out/vs/workbench/api/node/extensionHostProcess.js:116:11836)
	at file:///usr/share/code/resources/app/out/vs/workbench/api/node/extensionHostProcess.js:116:9986
	at Array.map (<anonymous>)
	at LZ.$ (file:///usr/share/code/resources/app/out/vs/workbench/api/node/extensionHostProcess.js:116:9974)
	at LZ.terminate (file:///usr/share/code/resources/app/out/vs/workbench/api/node/extensionHostProcess.js:116:10217)
	at E3.terminate (file:///usr/share/code/resources/app/out/vs/workbench/api/node/extensionHostProcess.js:118:914)
	at ws (file:///usr/share/code/resources/app/out/vs/workbench/api/node/extensionHostProcess.js:388:10154)
	at MessagePortMain.<anonymous> (file:///usr/share/code/resources/app/out/vs/workbench/api/node/extensionHostProcess.js:388:6693)
	at MessagePortMain.emit (node:events:518:28)
	at MessagePortMain._internalPort.emit (node:electron/js2c/utility_init:2:2949)
2025-08-14 23:23:05.784 [info] Extension host with pid 7346 exiting with code 0
2025-08-14 23:23:12.090 [info] Extension host with pid 11338 started
2025-08-14 23:23:12.090 [info] Skipping acquiring lock for /home/renebraxhoofden/.config/Code/User/workspaceStorage/bced222ab365f7a5deb7bde1642173f7.
2025-08-14 23:23:12.761 [info] ExtensionService#_doActivateExtension vscode.github-authentication, startup: false, activationEvent: 'onAuthenticationRequest:github'
2025-08-14 23:23:12.973 [info] ExtensionService#_doActivateExtension vscode.emmet, startup: false, activationEvent: 'onLanguage'
2025-08-14 23:23:13.043 [info] ExtensionService#_doActivateExtension vscode.html-language-features, startup: false, activationEvent: 'onLanguage:html'
2025-08-14 23:23:14.003 [info] ExtensionService#_doActivateExtension vscode.git-base, startup: true, activationEvent: '*', root cause: vscode.git
2025-08-14 23:23:14.804 [info] ExtensionService#_doActivateExtension vscode.git, startup: true, activationEvent: '*'
2025-08-14 23:23:15.173 [info] ExtensionService#_doActivateExtension vscode.github, startup: true, activationEvent: '*'
2025-08-14 23:23:16.059 [info] Eager extensions activated
2025-08-14 23:23:16.383 [info] ExtensionService#_doActivateExtension vscode.debug-auto-launch, startup: false, activationEvent: 'onStartupFinished'
2025-08-14 23:23:16.395 [info] ExtensionService#_doActivateExtension vscode.merge-conflict, startup: false, activationEvent: 'onStartupFinished'
2025-08-14 23:26:35.882 [info] ExtensionService#_doActivateExtension vscode.typescript-language-features, startup: false, activationEvent: 'onLanguage:javascript'
2025-08-15 15:45:29.051 [info] Extension host terminating: renderer closed the MessagePort
2025-08-15 15:45:29.335 [info] Extension host with pid 11338 exiting with code 0
2025-08-15 15:45:36.208 [info] Extension host with pid 12327 started
2025-08-15 15:45:36.208 [info] Skipping acquiring lock for /home/renebraxhoofden/.config/Code/User/workspaceStorage/96aca38bacd9fbefd2c948be68ef166a.
2025-08-15 15:45:37.622 [info] ExtensionService#_doActivateExtension vscode.github-authentication, startup: false, activationEvent: 'onAuthenticationRequest:github'
2025-08-15 15:45:37.785 [info] ExtensionService#_doActivateExtension vscode.emmet, startup: false, activationEvent: 'onLanguage'
2025-08-15 15:45:37.872 [info] ExtensionService#_doActivateExtension vscode.html-language-features, startup: false, activationEvent: 'onLanguage:html'
2025-08-15 15:45:38.684 [info] ExtensionService#_doActivateExtension vscode.git-base, startup: true, activationEvent: '*', root cause: vscode.git
2025-08-15 15:45:39.485 [info] ExtensionService#_doActivateExtension vscode.terminal-suggest, startup: false, activationEvent: 'onTerminalShellIntegration:*'
2025-08-15 15:45:40.680 [info] ExtensionService#_doActivateExtension vscode.git, startup: true, activationEvent: '*'
2025-08-15 15:45:40.874 [info] ExtensionService#_doActivateExtension vscode.github, startup: true, activationEvent: '*'
2025-08-15 15:45:41.858 [info] Eager extensions activated
2025-08-15 15:45:42.151 [info] ExtensionService#_doActivateExtension vscode.debug-auto-launch, startup: false, activationEvent: 'onStartupFinished'
2025-08-15 15:45:42.174 [info] ExtensionService#_doActivateExtension vscode.merge-conflict, startup: false, activationEvent: 'onStartupFinished'
2025-08-15 15:46:43.109 [info] Extension host terminating: renderer closed the MessagePort
2025-08-15 15:46:43.180 [info] Extension host with pid 12327 exiting with code 0
2025-08-15 15:46:48.597 [info] Extension host with pid 12674 started
2025-08-15 15:46:48.597 [info] Skipping acquiring lock for /home/renebraxhoofden/.config/Code/User/workspaceStorage/bced222ab365f7a5deb7bde1642173f7.
2025-08-15 15:46:49.425 [info] ExtensionService#_doActivateExtension vscode.github-authentication, startup: false, activationEvent: 'onAuthenticationRequest:github'
2025-08-15 15:46:49.537 [info] ExtensionService#_doActivateExtension vscode.emmet, startup: false, activationEvent: 'onLanguage'
2025-08-15 15:46:49.591 [info] ExtensionService#_doActivateExtension vscode.typescript-language-features, startup: false, activationEvent: 'onLanguage:javascript'
2025-08-15 15:46:50.807 [info] ExtensionService#_doActivateExtension vscode.git-base, startup: true, activationEvent: '*', root cause: vscode.git
2025-08-15 15:46:50.940 [info] ExtensionService#_doActivateExtension vscode.html-language-features, startup: false, activationEvent: 'onLanguage:html'
2025-08-15 15:46:52.564 [info] ExtensionService#_doActivateExtension vscode.git, startup: true, activationEvent: '*'
2025-08-15 15:46:54.007 [info] ExtensionService#_doActivateExtension vscode.github, startup: true, activationEvent: '*'
2025-08-15 15:46:57.415 [info] Eager extensions activated
2025-08-15 15:46:58.151 [info] ExtensionService#_doActivateExtension vscode.debug-auto-launch, startup: false, activationEvent: 'onStartupFinished'
2025-08-15 15:46:58.180 [info] ExtensionService#_doActivateExtension vscode.merge-conflict, startup: false, activationEvent: 'onStartupFinished'
2025-08-15 15:49:54.710 [info] ExtensionService#_doActivateExtension vscode.css-language-features, startup: false, activationEvent: 'onLanguage:css'
