2025-08-14 00:09:56.034 [info] Started initializing default profile extensions in extensions installation folder. file:///home/renebraxhoofden/.vscode/extensions
2025-08-14 00:09:56.481 [warning] Failed to create default profile extensions manifest in extensions installation folder. file:///home/renebraxhoofden/.vscode/extensions Unable to create file 'vscode-userdata:/home/renebraxhoofden/.vscode/extensions/extensions.json' that already exists when overwrite flag is not set
2025-08-14 00:09:56.483 [info] Completed initializing default profile extensions in extensions installation folder. file:///home/renebraxhoofden/.vscode/extensions
2025-08-14 10:12:19.215 [info] Getting Manifest... ms-python.python
2025-08-14 10:12:19.353 [info] Installing extension: ms-python.python {"isMachineScoped":false,"profileLocation":{"$mid":1,"external":"vscode-userdata:/home/renebraxhoofden/.vscode/extensions/extensions.json","path":"/home/renebraxhoofden/.vscode/extensions/extensions.json","scheme":"vscode-userdata"},"isApplicationScoped":false,"productVersion":{"version":"1.103.1","date":"2025-08-12T16:25:40.542Z"}}
2025-08-14 10:12:20.186 [info] Getting Manifest... ms-python.debugpy
2025-08-14 10:12:20.212 [info] Getting Manifest... ms-python.vscode-python-envs
2025-08-14 10:12:20.262 [info] Getting Manifest... ms-python.vscode-pylance
2025-08-14 10:12:20.396 [info] Installing extension: ms-python.debugpy {"isMachineScoped":false,"profileLocation":{"$mid":1,"external":"vscode-userdata:/home/renebraxhoofden/.vscode/extensions/extensions.json","path":"/home/renebraxhoofden/.vscode/extensions/extensions.json","scheme":"vscode-userdata"},"isApplicationScoped":false,"productVersion":{"version":"1.103.1","date":"2025-08-12T16:25:40.542Z"},"pinned":false,"installGivenVersion":false,"context":{"dependecyOrPackExtensionInstall":true}}
2025-08-14 10:12:20.397 [info] Installing extension: ms-python.vscode-python-envs {"isMachineScoped":false,"profileLocation":{"$mid":1,"external":"vscode-userdata:/home/renebraxhoofden/.vscode/extensions/extensions.json","path":"/home/renebraxhoofden/.vscode/extensions/extensions.json","scheme":"vscode-userdata"},"isApplicationScoped":false,"productVersion":{"version":"1.103.1","date":"2025-08-12T16:25:40.542Z"},"pinned":false,"installGivenVersion":false,"context":{"dependecyOrPackExtensionInstall":true}}
2025-08-14 10:12:20.399 [info] Installing extension: ms-python.vscode-pylance {"isMachineScoped":false,"profileLocation":{"$mid":1,"external":"vscode-userdata:/home/renebraxhoofden/.vscode/extensions/extensions.json","path":"/home/renebraxhoofden/.vscode/extensions/extensions.json","scheme":"vscode-userdata"},"isApplicationScoped":false,"productVersion":{"version":"1.103.1","date":"2025-08-12T16:25:40.542Z"},"pinned":false,"installGivenVersion":false,"context":{"dependecyOrPackExtensionInstall":true}}
2025-08-14 10:12:29.207 [info] Extension signature verification result for ms-python.vscode-python-envs: Success. Internal Code: 0. Executed: true. Duration: 5661ms.
2025-08-14 10:12:29.608 [info] Extension signature verification result for ms-python.debugpy: Success. Internal Code: 0. Executed: true. Duration: 5262ms.
2025-08-14 10:12:33.271 [info] Extracted extension to file:///home/renebraxhoofden/.vscode/extensions/ms-python.vscode-python-envs-1.2.0-linux-x64: ms-python.vscode-python-envs
2025-08-14 10:12:33.394 [info] Renamed to /home/renebraxhoofden/.vscode/extensions/ms-python.vscode-python-envs-1.2.0-linux-x64
2025-08-14 10:12:34.626 [info] Extension signature verification result for ms-python.python: Success. Internal Code: 0. Executed: true. Duration: 4912ms.
2025-08-14 10:12:39.292 [info] Extracted extension to file:///home/renebraxhoofden/.vscode/extensions/ms-python.debugpy-2025.10.0-linux-x64: ms-python.debugpy
2025-08-14 10:12:39.400 [info] Renamed to /home/renebraxhoofden/.vscode/extensions/ms-python.debugpy-2025.10.0-linux-x64
2025-08-14 10:12:47.360 [info] Extension signature verification result for ms-python.vscode-pylance: Success. Internal Code: 0. Executed: true. Duration: 3432ms.
2025-08-14 10:12:47.447 [info] Extracted extension to file:///home/renebraxhoofden/.vscode/extensions/ms-python.python-2025.12.0-linux-x64: ms-python.python
2025-08-14 10:12:47.796 [info] Renamed to /home/renebraxhoofden/.vscode/extensions/ms-python.python-2025.12.0-linux-x64
2025-08-14 10:13:05.987 [info] Extracted extension to file:///home/renebraxhoofden/.vscode/extensions/ms-python.vscode-pylance-2025.7.1: ms-python.vscode-pylance
2025-08-14 10:13:06.752 [info] Renamed to /home/renebraxhoofden/.vscode/extensions/ms-python.vscode-pylance-2025.7.1
2025-08-14 10:13:06.822 [info] Extension installed successfully: ms-python.vscode-python-envs vscode-userdata:/home/renebraxhoofden/.vscode/extensions/extensions.json
2025-08-14 10:13:06.822 [info] Extension installed successfully: ms-python.debugpy vscode-userdata:/home/renebraxhoofden/.vscode/extensions/extensions.json
2025-08-14 10:13:06.822 [info] Extension installed successfully: ms-python.python vscode-userdata:/home/renebraxhoofden/.vscode/extensions/extensions.json
2025-08-14 10:13:06.823 [info] Extension installed successfully: ms-python.vscode-pylance vscode-userdata:/home/renebraxhoofden/.vscode/extensions/extensions.json
