2025-08-14 22:11:01.157 [info] update#setState idle
2025-08-14 22:11:30.977 [info] update#setState checking for updates
2025-08-14 22:11:31.023 [info] update#setState idle
2025-08-14 22:16:38.656 [info] Extension host with pid 7042 exited with code: 0, signal: unknown.
2025-08-14 23:11:30.985 [info] update#setState checking for updates
2025-08-14 23:11:31.227 [info] update#setState idle
2025-08-14 23:23:05.789 [info] Extension host with pid 7346 exited with code: 0, signal: unknown.
2025-08-15 15:40:50.877 [warning] No ptyHost heartbeat after 6 seconds
2025-08-15 15:40:50.924 [info] update#setState checking for updates
2025-08-15 15:40:55.966 [error] #7: https://update.code.visualstudio.com/api/update/linux-x64/stable/360a4e4fd251bfce169a4ddf857c7d25d1ad40da?bg=true - error undefined net::ERR_CONNECTION_RESET
2025-08-15 15:40:56.005 [error] Error: net::ERR_CONNECTION_RESET
    at SimpleURLLoaderWrapper.<anonymous> (node:electron/js2c/browser_init:2:123921)
    at SimpleURLLoaderWrapper.emit (node:events:518:28)
2025-08-15 15:40:56.039 [info] update#setState idle
2025-08-15 15:45:29.348 [info] Extension host with pid 11338 exited with code: 0, signal: unknown.
2025-08-15 15:46:43.181 [info] Extension host with pid 12327 exited with code: 0, signal: unknown.
2025-08-15 16:40:51.092 [info] update#setState checking for updates
2025-08-15 16:40:51.527 [info] update#setState idle
2025-08-15 16:54:54.237 [info] Extension host with pid 12674 exited with code: 0, signal: unknown.
2025-08-15 17:59:53.641 [warning] No ptyHost heartbeat after 6 seconds
2025-08-15 17:59:53.647 [info] update#setState checking for updates
2025-08-15 17:59:57.221 [info] update#setState idle
2025-08-15 18:30:34.678 [warning] No ptyHost heartbeat after 6 seconds
2025-08-15 19:35:43.688 [warning] No ptyHost heartbeat after 6 seconds
2025-08-15 19:35:43.690 [info] update#setState checking for updates
2025-08-15 19:36:10.070 [error] #14: https://update.code.visualstudio.com/api/update/linux-x64/stable/360a4e4fd251bfce169a4ddf857c7d25d1ad40da?bg=true - error undefined net::ERR_NAME_NOT_RESOLVED
2025-08-15 19:36:10.072 [error] Error: net::ERR_NAME_NOT_RESOLVED
    at SimpleURLLoaderWrapper.<anonymous> (node:electron/js2c/browser_init:2:123921)
    at SimpleURLLoaderWrapper.emit (node:events:518:28)
2025-08-15 19:36:10.074 [info] update#setState idle
2025-08-15 20:35:43.943 [info] update#setState checking for updates
2025-08-15 20:35:44.725 [info] update#setState idle
2025-08-17 13:43:34.775 [warning] No ptyHost heartbeat after 6 seconds
2025-08-17 13:43:34.842 [info] update#setState checking for updates
2025-08-17 13:43:38.147 [error] #16: https://update.code.visualstudio.com/api/update/linux-x64/stable/360a4e4fd251bfce169a4ddf857c7d25d1ad40da?bg=true - error undefined net::ERR_NETWORK_CHANGED
2025-08-17 13:43:38.148 [error] Error: net::ERR_NETWORK_CHANGED
    at SimpleURLLoaderWrapper.<anonymous> (node:electron/js2c/browser_init:2:123921)
    at SimpleURLLoaderWrapper.emit (node:events:518:28)
2025-08-17 13:43:38.157 [info] update#setState idle
2025-08-17 14:43:34.877 [info] update#setState checking for updates
2025-08-17 14:43:35.102 [info] update#setState idle
2025-08-17 20:41:34.858 [warning] No ptyHost heartbeat after 6 seconds
2025-08-17 20:41:35.182 [info] update#setState checking for updates
2025-08-17 20:41:39.120 [info] update#setState idle
2025-08-17 21:41:35.373 [info] update#setState checking for updates
2025-08-17 21:41:35.569 [info] update#setState idle
2025-08-18 21:17:43.952 [warning] No ptyHost heartbeat after 6 seconds
2025-08-18 21:17:44.470 [info] update#setState checking for updates
2025-08-18 21:17:49.333 [info] update#setState idle
2025-08-18 22:08:43.764 [warning] No ptyHost heartbeat after 6 seconds
2025-08-18 22:17:44.732 [info] update#setState checking for updates
2025-08-18 22:17:44.945 [info] update#setState idle
2025-08-19 18:22:19.545 [warning] No ptyHost heartbeat after 6 seconds
2025-08-19 18:22:20.490 [info] update#setState checking for updates
2025-08-19 18:22:25.869 [info] update#setState idle
