2025-08-19 21:15:50.494 [info] Reading sessions from keychain...
2025-08-19 21:15:50.494 [info] Getting sessions for all scopes...
2025-08-19 21:15:50.494 [info] Got 0 sessions for ...
2025-08-19 21:15:50.494 [info] Getting sessions for all scopes...
2025-08-19 21:15:50.494 [info] Got 0 sessions for ...
2025-08-19 21:15:50.494 [info] Getting sessions for all scopes...
2025-08-19 21:15:50.494 [info] Got 0 sessions for ...
2025-08-19 21:15:50.494 [info] Getting sessions for all scopes...
2025-08-19 21:15:50.494 [info] Got 0 sessions for ...
2025-08-19 21:15:50.494 [info] Getting sessions for all scopes...
2025-08-19 21:15:50.494 [info] Got 0 sessions for ...
2025-08-19 21:15:50.494 [info] Getting sessions for all scopes...
2025-08-19 21:15:50.494 [info] Got 0 sessions for ...
2025-08-19 21:15:50.494 [info] Getting sessions for all scopes...
2025-08-19 21:15:50.494 [info] Got 0 sessions for ...
2025-08-19 21:15:50.494 [info] Getting sessions for all scopes...
2025-08-19 21:15:50.494 [info] Got 0 sessions for ...
2025-08-19 21:15:50.494 [info] Getting sessions for all scopes...
2025-08-19 21:15:50.494 [info] Got 0 sessions for ...
2025-08-19 21:15:50.494 [info] Getting sessions for all scopes...
2025-08-19 21:15:50.494 [info] Got 0 sessions for ...
2025-08-19 21:15:50.494 [info] Getting sessions for all scopes...
2025-08-19 21:15:50.494 [info] Got 0 sessions for ...
2025-08-19 21:15:50.494 [info] Getting sessions for all scopes...
2025-08-19 21:15:50.494 [info] Got 0 sessions for ...
2025-08-19 21:15:50.494 [info] Getting sessions for all scopes...
2025-08-19 21:15:50.494 [info] Got 0 sessions for ...
2025-08-19 21:15:50.494 [info] Getting sessions for all scopes...
2025-08-19 21:15:50.494 [info] Got 0 sessions for ...
2025-08-19 21:15:50.494 [info] Getting sessions for all scopes...
2025-08-19 21:15:50.494 [info] Got 0 sessions for ...
2025-08-19 21:15:50.494 [info] Getting sessions for all scopes...
2025-08-19 21:15:50.494 [info] Got 0 sessions for ...
2025-08-19 21:15:50.494 [info] Getting sessions for all scopes...
2025-08-19 21:15:50.494 [info] Got 0 sessions for ...
2025-08-19 21:15:50.494 [info] Getting sessions for all scopes...
2025-08-19 21:15:50.494 [info] Got 0 sessions for ...
2025-08-19 21:15:50.494 [info] Getting sessions for all scopes...
2025-08-19 21:15:50.494 [info] Got 0 sessions for ...
2025-08-19 21:15:50.494 [info] Getting sessions for all scopes...
2025-08-19 21:15:50.494 [info] Got 0 sessions for ...
2025-08-19 21:15:50.494 [info] Getting sessions for user:email...
2025-08-19 21:15:50.494 [info] Got 0 sessions for user:email...
2025-08-19 21:15:50.494 [info] Getting sessions for read:user,repo,user:email,workflow...
2025-08-19 21:15:50.494 [info] Got 0 sessions for read:user,repo,user:email,workflow...
2025-08-19 21:15:58.845 [info] Getting sessions for all scopes...
2025-08-19 21:15:58.846 [info] Got 0 sessions for ...
2025-08-19 21:16:00.732 [info] Getting sessions for user:email...
2025-08-19 21:16:00.732 [info] Got 0 sessions for user:email...
2025-08-19 21:16:01.975 [info] Getting sessions for all scopes...
2025-08-19 21:16:01.975 [info] Got 0 sessions for ...
2025-08-19 21:16:02.055 [info] Getting sessions for all scopes...
2025-08-19 21:16:02.055 [info] Got 0 sessions for ...
2025-08-19 21:16:02.063 [info] Getting sessions for read:user,repo,user:email,workflow...
2025-08-19 21:16:02.063 [info] Got 0 sessions for read:user,repo,user:email,workflow...
2025-08-19 21:16:02.279 [info] Getting sessions for all scopes...
2025-08-19 21:16:02.279 [info] Got 0 sessions for ...
2025-08-19 21:16:02.285 [info] Getting sessions for all scopes...
2025-08-19 21:16:02.285 [info] Got 0 sessions for ...
2025-08-19 21:16:02.358 [info] Getting sessions for read:user...
2025-08-19 21:16:02.358 [info] Got 0 sessions for read:user...
2025-08-19 21:16:02.358 [info] Getting sessions for user:email...
2025-08-19 21:16:02.358 [info] Got 0 sessions for user:email...
2025-08-19 21:16:02.388 [info] Getting sessions for user:email...
2025-08-19 21:16:02.389 [info] Got 0 sessions for user:email...
2025-08-19 21:16:02.389 [info] Getting sessions for all scopes...
2025-08-19 21:16:02.389 [info] Got 0 sessions for ...
2025-08-19 21:16:02.569 [info] Getting sessions for user:email...
2025-08-19 21:16:02.569 [info] Got 0 sessions for user:email...
2025-08-19 21:16:02.572 [info] Getting sessions for all scopes...
2025-08-19 21:16:02.573 [info] Got 0 sessions for ...
2025-08-19 21:16:02.575 [info] Getting sessions for user:email...
2025-08-19 21:16:02.575 [info] Got 0 sessions for user:email...
2025-08-19 21:16:02.596 [info] Getting sessions for all scopes...
2025-08-19 21:16:02.596 [info] Got 0 sessions for ...
2025-08-19 21:16:02.604 [info] Getting sessions for all scopes...
2025-08-19 21:16:02.604 [info] Got 0 sessions for ...
